<?xml version="1.0" encoding="UTF-8"?>
<testsuites name="New Test Suite" time="30" tests="2" failures="1" errors="0">
   <testsuite name="New Test Suite" tests="2" failures="1" errors="0" time="30" timestamp="2018-12-10 09:09:02" hostname="Administrator - 172.25.139.46" id="Test Suites/New Test Suite">
      <properties>
         <property name="deviceName" value=""/>
         <property name="devicePlatform" value=""/>
         <property name="logFolder" value="D:\\ASYST\\project\\ads workforce\\katalon\\Workforce Management\\Reports\\New Test Suite\\20181210_090900"/>
         <property name="logFiles" value="D:\\ASYST\\project\\ads workforce\\katalon\\Workforce Management\\Reports\\New Test Suite\\20181210_090900\\execution0.log"/>
         <property name="attachments" value="D:\\ASYST\\project\\ads workforce\\katalon\\Workforce Management\\Reports\\New Test Suite\\20181210_090900\\1544407771863.png"/>
         <property name="hostName" value="Administrator - 172.25.139.46"/>
         <property name="os" value="Windows 7 64bit"/>
         <property name="katalonVersion" value="5.9.1.2"/>
         <property name="browser" value="Chrome 70.0.3538.110"/>
         <property name="hostAddress" value="172.25.139.46"/>
         <property name="sessionId" value="d8ba8f1354f985b1949b17e2ca8fd983"/>
         <property name="seleniumVersion" value="3.7.1"/>
         <property name="proxyInformation" value="ProxyInformation{proxyOption=NO_PROXY, proxyServerType=HTTP, password=, proxyServerAddress=, proxyServerPort=0}"/>
         <property name="platform" value="Windows 7"/>
      </properties>
      <testcase name="Test Cases/Base Data - Qualification/06 Filter Pagination/77 Filter Number of Page" classname="Test Cases/Base Data - Qualification/06 Filter Pagination/77 Filter Number of Page" status="PASSED">
         <system-out><![CDATA[2018-12-10 09:09:02 - [TEST_CASE][PASSED] - Test Cases/Base Data - Qualification/06 Filter Pagination/77 Filter Number of Page: Test Cases/Base Data - Qualification/06 Filter Pagination/77 Filter Number of Page

2018-12-10 09:09:03 - [TEST_STEP][PASSED] - Start listener action : beforeTestcase: Navigate to 'http://ads.asyst.co.id/login.html' successfully

2018-12-10 09:09:03 - [TEST_STEP][PASSED] - openBrowser(""): Browser is opened with url: ''

2018-12-10 09:09:03 - [MESSAGE][INFO] - Starting 'Chrome' driver

2018-12-10 09:09:03 - [MESSAGE][INFO] - Action delay is set to 0 seconds

2018-12-10 09:09:07 - [MESSAGE][PASSED] - Browser is opened with url: ''

2018-12-10 09:09:07 - [TEST_STEP][PASSED] - maximizeWindow(): Current window maximized

2018-12-10 09:09:08 - [MESSAGE][PASSED] - Current window maximized

2018-12-10 09:09:08 - [TEST_STEP][PASSED] - navigateToUrl(URL): Navigate to 'http://ads.asyst.co.id/login.html' successfully

2018-12-10 09:09:10 - [MESSAGE][PASSED] - Navigate to 'http://ads.asyst.co.id/login.html' successfully

2018-12-10 09:09:10 - [TEST_STEP][PASSED] - callTestCase(findTestCase("Login"), [:], STOP_ON_FAILURE): Call Test Case 'Test Cases/Login' successfully

2018-12-10 09:09:10 - [TEST_CASE][PASSED] - Test Cases/Login: Test Cases/Login

2018-12-10 09:09:10 - [TEST_STEP][PASSED] - setText(findTestObject("Object Repository/Page_Asyst Workforce asd/input_Email_inp_lgn_email"), "haris.ilham"): Text 'haris.ilham' is set on object 'Object Repository/Page_Asyst Workforce asd/input_Email_inp_lgn_email'

2018-12-10 09:09:10 - [MESSAGE][PASSED] - Text 'haris.ilham' is set on object 'Object Repository/Page_Asyst Workforce asd/input_Email_inp_lgn_email'

2018-12-10 09:09:10 - [TEST_STEP][PASSED] - setText(findTestObject("Object Repository/Page_Asyst Workforce asd/input_Password_inp_lgn_passwor"), "12345"): Text '12345' is set on object 'Object Repository/Page_Asyst Workforce asd/input_Password_inp_lgn_passwor'

2018-12-10 09:09:10 - [MESSAGE][PASSED] - Text '12345' is set on object 'Object Repository/Page_Asyst Workforce asd/input_Password_inp_lgn_passwor'

2018-12-10 09:09:10 - [TEST_STEP][PASSED] - click(findTestObject("Object Repository/Page_Asyst Workforce asd/button_Login")): Object: 'Object Repository/Page_Asyst Workforce asd/button_Login' is clicked on

2018-12-10 09:09:11 - [MESSAGE][PASSED] - Object: 'Object Repository/Page_Asyst Workforce asd/button_Login' is clicked on

2018-12-10 09:09:11 - [MESSAGE][PASSED] - Call Test Case 'Test Cases/Login' successfully

2018-12-10 09:09:11 - [TEST_STEP][PASSED] - callTestCase(findTestCase("Base Data - Employee - Qualification"), [:], STOP_ON_FAILURE): Call Test Case 'Test Cases/Base Data - Employee - Qualification' successfully

2018-12-10 09:09:11 - [TEST_CASE][PASSED] - Test Cases/Base Data - Employee - Qualification: Test Cases/Base Data - Employee - Qualification

2018-12-10 09:09:11 - [TEST_STEP][PASSED] - click(findTestObject("Page_WorkForce Management System As/span_Base Data")): Object: 'Object Repository/Page_WorkForce Management System As/span_Base Data' is clicked on

2018-12-10 09:09:11 - [MESSAGE][PASSED] - Object: 'Object Repository/Page_WorkForce Management System As/span_Base Data' is clicked on

2018-12-10 09:09:11 - [TEST_STEP][PASSED] - waitForElementVisible(findTestObject("Page_WorkForce Management System As/span_Employee"), 50): Object 'Object Repository/Page_WorkForce Management System As/span_Employee' is visible

2018-12-10 09:09:12 - [MESSAGE][PASSED] - Object 'Object Repository/Page_WorkForce Management System As/span_Employee' is visible

2018-12-10 09:09:12 - [TEST_STEP][PASSED] - click(findTestObject("Page_WorkForce Management System As/span_Employee")): Object: 'Object Repository/Page_WorkForce Management System As/span_Employee' is clicked on

2018-12-10 09:09:12 - [MESSAGE][PASSED] - Object: 'Object Repository/Page_WorkForce Management System As/span_Employee' is clicked on

2018-12-10 09:09:12 - [TEST_STEP][PASSED] - waitForElementVisible(findTestObject("Page_WorkForce Management System As/span_Qualification"), 50): Object 'Object Repository/Page_WorkForce Management System As/span_Qualification' is visible

2018-12-10 09:09:13 - [MESSAGE][PASSED] - Object 'Object Repository/Page_WorkForce Management System As/span_Qualification' is visible

2018-12-10 09:09:13 - [TEST_STEP][PASSED] - click(findTestObject("Page_WorkForce Management System As/span_Qualification")): Object: 'Object Repository/Page_WorkForce Management System As/span_Qualification' is clicked on

2018-12-10 09:09:13 - [MESSAGE][PASSED] - Object: 'Object Repository/Page_WorkForce Management System As/span_Qualification' is clicked on

2018-12-10 09:09:13 - [TEST_STEP][PASSED] - verifyElementPresent(findTestObject("Page_WorkForce Management System As/h1_Qualification"), 50): Object 'Object Repository/Page_WorkForce Management System As/h1_Qualification' is present

2018-12-10 09:09:13 - [MESSAGE][PASSED] - Object 'Object Repository/Page_WorkForce Management System As/h1_Qualification' is present

2018-12-10 09:09:13 - [MESSAGE][PASSED] - Call Test Case 'Test Cases/Base Data - Employee - Qualification' successfully

2018-12-10 09:09:13 - [TEST_STEP][PASSED] - click(findTestObject("Page_WorkForce Management System As/a_4 qualification")): Object: 'Object Repository/Page_WorkForce Management System As/a_4 qualification' is clicked on

2018-12-10 09:09:13 - [MESSAGE][PASSED] - Object: 'Object Repository/Page_WorkForce Management System As/a_4 qualification' is clicked on

2018-12-10 09:09:13 - [TEST_STEP][PASSED] - Start listener action : afterTestcase: Browser is closed

2018-12-10 09:09:13 - [TEST_STEP][PASSED] - closeBrowser(): Browser is closed

2018-12-10 09:09:14 - [MESSAGE][PASSED] - Browser is closed]]></system-out>
         <system-err><![CDATA[]]></system-err>
      </testcase>
      <testcase name="Test Cases/Base Data - Qualification/06 Filter Pagination/78 Filter Next Navigation" classname="Test Cases/Base Data - Qualification/06 Filter Pagination/78 Filter Next Navigation" status="PASSED">
         <system-out><![CDATA[2018-12-10 09:09:14 - [TEST_CASE][PASSED] - Test Cases/Base Data - Qualification/06 Filter Pagination/78 Filter Next Navigation: Test Cases/Base Data - Qualification/06 Filter Pagination/78 Filter Next Navigation

2018-12-10 09:09:14 - [TEST_STEP][PASSED] - Start listener action : beforeTestcase: Navigate to 'http://ads.asyst.co.id/login.html' successfully

2018-12-10 09:09:14 - [TEST_STEP][PASSED] - openBrowser(""): Browser is opened with url: ''

2018-12-10 09:09:14 - [MESSAGE][INFO] - Starting 'Chrome' driver

2018-12-10 09:09:16 - [MESSAGE][PASSED] - Browser is opened with url: ''

2018-12-10 09:09:16 - [TEST_STEP][PASSED] - maximizeWindow(): Current window maximized

2018-12-10 09:09:17 - [MESSAGE][PASSED] - Current window maximized

2018-12-10 09:09:17 - [TEST_STEP][PASSED] - navigateToUrl(URL): Navigate to 'http://ads.asyst.co.id/login.html' successfully

2018-12-10 09:09:19 - [MESSAGE][PASSED] - Navigate to 'http://ads.asyst.co.id/login.html' successfully

2018-12-10 09:09:19 - [TEST_STEP][PASSED] - callTestCase(findTestCase("Login"), [:], STOP_ON_FAILURE): Call Test Case 'Test Cases/Login' successfully

2018-12-10 09:09:19 - [TEST_CASE][PASSED] - Test Cases/Login: Test Cases/Login

2018-12-10 09:09:19 - [TEST_STEP][PASSED] - setText(findTestObject("Object Repository/Page_Asyst Workforce asd/input_Email_inp_lgn_email"), "haris.ilham"): Text 'haris.ilham' is set on object 'Object Repository/Page_Asyst Workforce asd/input_Email_inp_lgn_email'

2018-12-10 09:09:19 - [MESSAGE][PASSED] - Text 'haris.ilham' is set on object 'Object Repository/Page_Asyst Workforce asd/input_Email_inp_lgn_email'

2018-12-10 09:09:19 - [TEST_STEP][PASSED] - setText(findTestObject("Object Repository/Page_Asyst Workforce asd/input_Password_inp_lgn_passwor"), "12345"): Text '12345' is set on object 'Object Repository/Page_Asyst Workforce asd/input_Password_inp_lgn_passwor'

2018-12-10 09:09:19 - [MESSAGE][PASSED] - Text '12345' is set on object 'Object Repository/Page_Asyst Workforce asd/input_Password_inp_lgn_passwor'

2018-12-10 09:09:19 - [TEST_STEP][PASSED] - click(findTestObject("Object Repository/Page_Asyst Workforce asd/button_Login")): Object: 'Object Repository/Page_Asyst Workforce asd/button_Login' is clicked on

2018-12-10 09:09:20 - [MESSAGE][PASSED] - Object: 'Object Repository/Page_Asyst Workforce asd/button_Login' is clicked on

2018-12-10 09:09:20 - [MESSAGE][PASSED] - Call Test Case 'Test Cases/Login' successfully

2018-12-10 09:09:20 - [TEST_STEP][PASSED] - callTestCase(findTestCase("Base Data - Employee - Qualification"), [:], STOP_ON_FAILURE): Call Test Case 'Test Cases/Base Data - Employee - Qualification' successfully

2018-12-10 09:09:20 - [TEST_CASE][PASSED] - Test Cases/Base Data - Employee - Qualification: Test Cases/Base Data - Employee - Qualification

2018-12-10 09:09:20 - [TEST_STEP][PASSED] - click(findTestObject("Page_WorkForce Management System As/span_Base Data")): Object: 'Object Repository/Page_WorkForce Management System As/span_Base Data' is clicked on

2018-12-10 09:09:20 - [MESSAGE][PASSED] - Object: 'Object Repository/Page_WorkForce Management System As/span_Base Data' is clicked on

2018-12-10 09:09:20 - [TEST_STEP][PASSED] - waitForElementVisible(findTestObject("Page_WorkForce Management System As/span_Employee"), 50): Object 'Object Repository/Page_WorkForce Management System As/span_Employee' is visible

2018-12-10 09:09:21 - [MESSAGE][PASSED] - Object 'Object Repository/Page_WorkForce Management System As/span_Employee' is visible

2018-12-10 09:09:21 - [TEST_STEP][PASSED] - click(findTestObject("Page_WorkForce Management System As/span_Employee")): Object: 'Object Repository/Page_WorkForce Management System As/span_Employee' is clicked on

2018-12-10 09:09:21 - [MESSAGE][PASSED] - Object: 'Object Repository/Page_WorkForce Management System As/span_Employee' is clicked on

2018-12-10 09:09:21 - [TEST_STEP][PASSED] - waitForElementVisible(findTestObject("Page_WorkForce Management System As/span_Qualification"), 50): Object 'Object Repository/Page_WorkForce Management System As/span_Qualification' is visible

2018-12-10 09:09:21 - [MESSAGE][PASSED] - Object 'Object Repository/Page_WorkForce Management System As/span_Qualification' is visible

2018-12-10 09:09:21 - [TEST_STEP][PASSED] - click(findTestObject("Page_WorkForce Management System As/span_Qualification")): Object: 'Object Repository/Page_WorkForce Management System As/span_Qualification' is clicked on

2018-12-10 09:09:21 - [MESSAGE][PASSED] - Object: 'Object Repository/Page_WorkForce Management System As/span_Qualification' is clicked on

2018-12-10 09:09:21 - [TEST_STEP][PASSED] - verifyElementPresent(findTestObject("Page_WorkForce Management System As/h1_Qualification"), 50): Object 'Object Repository/Page_WorkForce Management System As/h1_Qualification' is present

2018-12-10 09:09:22 - [MESSAGE][PASSED] - Object 'Object Repository/Page_WorkForce Management System As/h1_Qualification' is present

2018-12-10 09:09:22 - [MESSAGE][PASSED] - Call Test Case 'Test Cases/Base Data - Employee - Qualification' successfully

2018-12-10 09:09:22 - [TEST_STEP][PASSED] - click(findTestObject("Page_WorkForce Management System As/a_Page 1 of 20_lnk_qua_next")): Object: 'Object Repository/Page_WorkForce Management System As/a_Page 1 of 20_lnk_qua_next' is clicked on

2018-12-10 09:09:22 - [MESSAGE][PASSED] - Object: 'Object Repository/Page_WorkForce Management System As/a_Page 1 of 20_lnk_qua_next' is clicked on

2018-12-10 09:09:22 - [TEST_STEP][PASSED] - Start listener action : afterTestcase: Browser is closed

2018-12-10 09:09:22 - [TEST_STEP][PASSED] - closeBrowser(): Browser is closed

2018-12-10 09:09:23 - [MESSAGE][PASSED] - Browser is closed]]></system-out>
         <system-err><![CDATA[]]></system-err>
      </testcase>
      <testcase name="Test Cases/Base Data - Qualification/06 Filter Pagination/79 Filter Previous Navigation" classname="Test Cases/Base Data - Qualification/06 Filter Pagination/79 Filter Previous Navigation" status="FAILED">
         <failure type="FAILED" message="Test Cases/Base Data - Qualification/06 Filter Pagination/79 Filter Previous Navigation FAILED.
Reason:
com.kms.katalon.core.exception.StepFailedException: Unable to click on object 'Object Repository/Page_WorkForce Management System As/a_Page 3 of 20_lnk_qua_prev' (Root cause: java.lang.IllegalArgumentException: Cannot find elements when the XPath expression is null.)
	at com.kms.katalon.core.keyword.internal.KeywordMain.stepFailed(KeywordMain.groovy:36)
	at com.kms.katalon.core.webui.keyword.internal.WebUIKeywordMain.stepFailed(WebUIKeywordMain.groovy:65)
	at com.kms.katalon.core.webui.keyword.internal.WebUIKeywordMain.runKeyword(WebUIKeywordMain.groovy:27)
	at com.kms.katalon.core.webui.keyword.builtin.ClickKeyword.click(ClickKeyword.groovy:86)
	at com.kms.katalon.core.webui.keyword.builtin.ClickKeyword.execute(ClickKeyword.groovy:67)
	at com.kms.katalon.core.keyword.internal.KeywordExecutor.executeKeywordForPlatform(KeywordExecutor.groovy:53)
	at com.kms.katalon.core.webui.keyword.WebUiBuiltInKeywords.click(WebUiBuiltInKeywords.groovy:616)
	at com.kms.katalon.core.webui.keyword.WebUiBuiltInKeywords$click$3.call(Unknown Source)
	at 79 Filter Previous Navigation.run(79 Filter Previous Navigation:22)
	at com.kms.katalon.core.main.ScriptEngine.run(ScriptEngine.java:194)
	at com.kms.katalon.core.main.ScriptEngine.runScriptAsRawText(ScriptEngine.java:119)
	at com.kms.katalon.core.main.TestCaseExecutor.runScript(TestCaseExecutor.java:321)
	at com.kms.katalon.core.main.TestCaseExecutor.doExecute(TestCaseExecutor.java:312)
	at com.kms.katalon.core.main.TestCaseExecutor.processExecutionPhase(TestCaseExecutor.java:291)
	at com.kms.katalon.core.main.TestCaseExecutor.accessMainPhase(TestCaseExecutor.java:283)
	at com.kms.katalon.core.main.TestCaseExecutor.execute(TestCaseExecutor.java:222)
	at com.kms.katalon.core.main.TestSuiteExecutor.accessTestCaseMainPhase(TestSuiteExecutor.java:129)
	at com.kms.katalon.core.main.TestSuiteExecutor.accessTestSuiteMainPhase(TestSuiteExecutor.java:112)
	at com.kms.katalon.core.main.TestSuiteExecutor.execute(TestSuiteExecutor.java:81)
	at com.kms.katalon.core.main.TestCaseMain.startTestSuite(TestCaseMain.java:149)
	at com.kms.katalon.core.main.TestCaseMain$startTestSuite$0.call(Unknown Source)
	at TempTestSuite1544407740414.run(TempTestSuite1544407740414.groovy:36)
"/>
         <system-out><![CDATA[2018-12-10 09:09:23 - [TEST_CASE][FAILED] - Test Cases/Base Data - Qualification/06 Filter Pagination/79 Filter Previous Navigation: Test Cases/Base Data - Qualification/06 Filter Pagination/79 Filter Previous Navigation FAILED.
Reason:
com.kms.katalon.core.exception.StepFailedException: Unable to click on object 'Object Repository/Page_WorkForce Management System As/a_Page 3 of 20_lnk_qua_prev' (Root cause: java.lang.IllegalArgumentException: Cannot find elements when the XPath expression is null.)
	at com.kms.katalon.core.keyword.internal.KeywordMain.stepFailed(KeywordMain.groovy:36)
	at com.kms.katalon.core.webui.keyword.internal.WebUIKeywordMain.stepFailed(WebUIKeywordMain.groovy:65)
	at com.kms.katalon.core.webui.keyword.internal.WebUIKeywordMain.runKeyword(WebUIKeywordMain.groovy:27)
	at com.kms.katalon.core.webui.keyword.builtin.ClickKeyword.click(ClickKeyword.groovy:86)
	at com.kms.katalon.core.webui.keyword.builtin.ClickKeyword.execute(ClickKeyword.groovy:67)
	at com.kms.katalon.core.keyword.internal.KeywordExecutor.executeKeywordForPlatform(KeywordExecutor.groovy:53)
	at com.kms.katalon.core.webui.keyword.WebUiBuiltInKeywords.click(WebUiBuiltInKeywords.groovy:616)
	at com.kms.katalon.core.webui.keyword.WebUiBuiltInKeywords$click$3.call(Unknown Source)
	at 79 Filter Previous Navigation.run(79 Filter Previous Navigation:22)
	at com.kms.katalon.core.main.ScriptEngine.run(ScriptEngine.java:194)
	at com.kms.katalon.core.main.ScriptEngine.runScriptAsRawText(ScriptEngine.java:119)
	at com.kms.katalon.core.main.TestCaseExecutor.runScript(TestCaseExecutor.java:321)
	at com.kms.katalon.core.main.TestCaseExecutor.doExecute(TestCaseExecutor.java:312)
	at com.kms.katalon.core.main.TestCaseExecutor.processExecutionPhase(TestCaseExecutor.java:291)
	at com.kms.katalon.core.main.TestCaseExecutor.accessMainPhase(TestCaseExecutor.java:283)
	at com.kms.katalon.core.main.TestCaseExecutor.execute(TestCaseExecutor.java:222)
	at com.kms.katalon.core.main.TestSuiteExecutor.accessTestCaseMainPhase(TestSuiteExecutor.java:129)
	at com.kms.katalon.core.main.TestSuiteExecutor.accessTestSuiteMainPhase(TestSuiteExecutor.java:112)
	at com.kms.katalon.core.main.TestSuiteExecutor.execute(TestSuiteExecutor.java:81)
	at com.kms.katalon.core.main.TestCaseMain.startTestSuite(TestCaseMain.java:149)
	at com.kms.katalon.core.main.TestCaseMain$startTestSuite$0.call(Unknown Source)
	at TempTestSuite1544407740414.run(TempTestSuite1544407740414.groovy:36)


2018-12-10 09:09:23 - [TEST_STEP][PASSED] - Start listener action : beforeTestcase: Navigate to 'http://ads.asyst.co.id/login.html' successfully

2018-12-10 09:09:23 - [TEST_STEP][PASSED] - openBrowser(""): Browser is opened with url: ''

2018-12-10 09:09:23 - [MESSAGE][INFO] - Starting 'Chrome' driver

2018-12-10 09:09:25 - [MESSAGE][PASSED] - Browser is opened with url: ''

2018-12-10 09:09:25 - [TEST_STEP][PASSED] - maximizeWindow(): Current window maximized

2018-12-10 09:09:26 - [MESSAGE][PASSED] - Current window maximized

2018-12-10 09:09:26 - [TEST_STEP][PASSED] - navigateToUrl(URL): Navigate to 'http://ads.asyst.co.id/login.html' successfully

2018-12-10 09:09:29 - [MESSAGE][PASSED] - Navigate to 'http://ads.asyst.co.id/login.html' successfully

2018-12-10 09:09:29 - [TEST_STEP][PASSED] - callTestCase(findTestCase("Login"), [:], STOP_ON_FAILURE): Call Test Case 'Test Cases/Login' successfully

2018-12-10 09:09:29 - [TEST_CASE][PASSED] - Test Cases/Login: Test Cases/Login

2018-12-10 09:09:29 - [TEST_STEP][PASSED] - setText(findTestObject("Object Repository/Page_Asyst Workforce asd/input_Email_inp_lgn_email"), "haris.ilham"): Text 'haris.ilham' is set on object 'Object Repository/Page_Asyst Workforce asd/input_Email_inp_lgn_email'

2018-12-10 09:09:29 - [MESSAGE][PASSED] - Text 'haris.ilham' is set on object 'Object Repository/Page_Asyst Workforce asd/input_Email_inp_lgn_email'

2018-12-10 09:09:29 - [TEST_STEP][PASSED] - setText(findTestObject("Object Repository/Page_Asyst Workforce asd/input_Password_inp_lgn_passwor"), "12345"): Text '12345' is set on object 'Object Repository/Page_Asyst Workforce asd/input_Password_inp_lgn_passwor'

2018-12-10 09:09:29 - [MESSAGE][PASSED] - Text '12345' is set on object 'Object Repository/Page_Asyst Workforce asd/input_Password_inp_lgn_passwor'

2018-12-10 09:09:29 - [TEST_STEP][PASSED] - click(findTestObject("Object Repository/Page_Asyst Workforce asd/button_Login")): Object: 'Object Repository/Page_Asyst Workforce asd/button_Login' is clicked on

2018-12-10 09:09:30 - [MESSAGE][PASSED] - Object: 'Object Repository/Page_Asyst Workforce asd/button_Login' is clicked on

2018-12-10 09:09:30 - [MESSAGE][PASSED] - Call Test Case 'Test Cases/Login' successfully

2018-12-10 09:09:30 - [TEST_STEP][PASSED] - callTestCase(findTestCase("Base Data - Employee - Qualification"), [:], STOP_ON_FAILURE): Call Test Case 'Test Cases/Base Data - Employee - Qualification' successfully

2018-12-10 09:09:30 - [TEST_CASE][PASSED] - Test Cases/Base Data - Employee - Qualification: Test Cases/Base Data - Employee - Qualification

2018-12-10 09:09:30 - [TEST_STEP][PASSED] - click(findTestObject("Page_WorkForce Management System As/span_Base Data")): Object: 'Object Repository/Page_WorkForce Management System As/span_Base Data' is clicked on

2018-12-10 09:09:30 - [MESSAGE][PASSED] - Object: 'Object Repository/Page_WorkForce Management System As/span_Base Data' is clicked on

2018-12-10 09:09:30 - [TEST_STEP][PASSED] - waitForElementVisible(findTestObject("Page_WorkForce Management System As/span_Employee"), 50): Object 'Object Repository/Page_WorkForce Management System As/span_Employee' is visible

2018-12-10 09:09:30 - [MESSAGE][PASSED] - Object 'Object Repository/Page_WorkForce Management System As/span_Employee' is visible

2018-12-10 09:09:30 - [TEST_STEP][PASSED] - click(findTestObject("Page_WorkForce Management System As/span_Employee")): Object: 'Object Repository/Page_WorkForce Management System As/span_Employee' is clicked on

2018-12-10 09:09:30 - [MESSAGE][PASSED] - Object: 'Object Repository/Page_WorkForce Management System As/span_Employee' is clicked on

2018-12-10 09:09:30 - [TEST_STEP][PASSED] - waitForElementVisible(findTestObject("Page_WorkForce Management System As/span_Qualification"), 50): Object 'Object Repository/Page_WorkForce Management System As/span_Qualification' is visible

2018-12-10 09:09:31 - [MESSAGE][PASSED] - Object 'Object Repository/Page_WorkForce Management System As/span_Qualification' is visible

2018-12-10 09:09:31 - [TEST_STEP][PASSED] - click(findTestObject("Page_WorkForce Management System As/span_Qualification")): Object: 'Object Repository/Page_WorkForce Management System As/span_Qualification' is clicked on

2018-12-10 09:09:31 - [MESSAGE][PASSED] - Object: 'Object Repository/Page_WorkForce Management System As/span_Qualification' is clicked on

2018-12-10 09:09:31 - [TEST_STEP][PASSED] - verifyElementPresent(findTestObject("Page_WorkForce Management System As/h1_Qualification"), 50): Object 'Object Repository/Page_WorkForce Management System As/h1_Qualification' is present

2018-12-10 09:09:31 - [MESSAGE][PASSED] - Object 'Object Repository/Page_WorkForce Management System As/h1_Qualification' is present

2018-12-10 09:09:31 - [MESSAGE][PASSED] - Call Test Case 'Test Cases/Base Data - Employee - Qualification' successfully

2018-12-10 09:09:31 - [TEST_STEP][PASSED] - click(findTestObject("Page_WorkForce Management System As/a_3 qualification")): Object: 'Object Repository/Page_WorkForce Management System As/a_3 qualification' is clicked on

2018-12-10 09:09:31 - [MESSAGE][PASSED] - Object: 'Object Repository/Page_WorkForce Management System As/a_3 qualification' is clicked on

2018-12-10 09:09:31 - [TEST_STEP][FAILED] - click(findTestObject("Page_WorkForce Management System As/a_Page 3 of 20_lnk_qua_prev")): click(findTestObject("Page_WorkForce Management System As/a_Page 3 of 20_lnk_qua_prev")) FAILED.
Reason:
com.kms.katalon.core.exception.StepFailedException: Unable to click on object 'Object Repository/Page_WorkForce Management System As/a_Page 3 of 20_lnk_qua_prev' (Root cause: java.lang.IllegalArgumentException: Cannot find elements when the XPath expression is null.)
	at com.kms.katalon.core.keyword.internal.KeywordMain.stepFailed(KeywordMain.groovy:36)
	at com.kms.katalon.core.webui.keyword.internal.WebUIKeywordMain.stepFailed(WebUIKeywordMain.groovy:65)
	at com.kms.katalon.core.webui.keyword.internal.WebUIKeywordMain.runKeyword(WebUIKeywordMain.groovy:27)
	at com.kms.katalon.core.webui.keyword.builtin.ClickKeyword.click(ClickKeyword.groovy:86)
	at com.kms.katalon.core.webui.keyword.builtin.ClickKeyword.execute(ClickKeyword.groovy:67)
	at com.kms.katalon.core.keyword.internal.KeywordExecutor.executeKeywordForPlatform(KeywordExecutor.groovy:53)
	at com.kms.katalon.core.webui.keyword.WebUiBuiltInKeywords.click(WebUiBuiltInKeywords.groovy:616)
	at com.kms.katalon.core.webui.keyword.WebUiBuiltInKeywords$click$3.call(Unknown Source)
	at 79 Filter Previous Navigation.run(79 Filter Previous Navigation:22)
	at com.kms.katalon.core.main.ScriptEngine.run(ScriptEngine.java:194)
	at com.kms.katalon.core.main.ScriptEngine.runScriptAsRawText(ScriptEngine.java:119)
	at com.kms.katalon.core.main.TestCaseExecutor.runScript(TestCaseExecutor.java:321)
	at com.kms.katalon.core.main.TestCaseExecutor.doExecute(TestCaseExecutor.java:312)
	at com.kms.katalon.core.main.TestCaseExecutor.processExecutionPhase(TestCaseExecutor.java:291)
	at com.kms.katalon.core.main.TestCaseExecutor.accessMainPhase(TestCaseExecutor.java:283)
	at com.kms.katalon.core.main.TestCaseExecutor.execute(TestCaseExecutor.java:222)
	at com.kms.katalon.core.main.TestSuiteExecutor.accessTestCaseMainPhase(TestSuiteExecutor.java:129)
	at com.kms.katalon.core.main.TestSuiteExecutor.accessTestSuiteMainPhase(TestSuiteExecutor.java:112)
	at com.kms.katalon.core.main.TestSuiteExecutor.execute(TestSuiteExecutor.java:81)
	at com.kms.katalon.core.main.TestCaseMain.startTestSuite(TestCaseMain.java:149)
	at com.kms.katalon.core.main.TestCaseMain$startTestSuite$0.call(Unknown Source)
	at TempTestSuite1544407740414.run(TempTestSuite1544407740414.groovy:36)


2018-12-10 09:09:32 - [MESSAGE][FAILED] - Unable to click on object 'Object Repository/Page_WorkForce Management System As/a_Page 3 of 20_lnk_qua_prev' (Root cause: java.lang.IllegalArgumentException: Cannot find elements when the XPath expression is null.)
[[ATTACHMENT|D:\\ASYST\\project\\ads workforce\\katalon\\Workforce Management\\Reports\\New Test Suite\\20181210_090900\\1544407771863.png]]

2018-12-10 09:09:32 - [MESSAGE][FAILED] - click(findTestObject("Page_WorkForce Management System As/a_Page 3 of 20_lnk_qua_prev")) FAILED.
Reason:
com.kms.katalon.core.exception.StepFailedException: Unable to click on object 'Object Repository/Page_WorkForce Management System As/a_Page 3 of 20_lnk_qua_prev' (Root cause: java.lang.IllegalArgumentException: Cannot find elements when the XPath expression is null.)
	at com.kms.katalon.core.keyword.internal.KeywordMain.stepFailed(KeywordMain.groovy:36)
	at com.kms.katalon.core.webui.keyword.internal.WebUIKeywordMain.stepFailed(WebUIKeywordMain.groovy:65)
	at com.kms.katalon.core.webui.keyword.internal.WebUIKeywordMain.runKeyword(WebUIKeywordMain.groovy:27)
	at com.kms.katalon.core.webui.keyword.builtin.ClickKeyword.click(ClickKeyword.groovy:86)
	at com.kms.katalon.core.webui.keyword.builtin.ClickKeyword.execute(ClickKeyword.groovy:67)
	at com.kms.katalon.core.keyword.internal.KeywordExecutor.executeKeywordForPlatform(KeywordExecutor.groovy:53)
	at com.kms.katalon.core.webui.keyword.WebUiBuiltInKeywords.click(WebUiBuiltInKeywords.groovy:616)
	at com.kms.katalon.core.webui.keyword.WebUiBuiltInKeywords$click$3.call(Unknown Source)
	at 79 Filter Previous Navigation.run(79 Filter Previous Navigation:22)
	at com.kms.katalon.core.main.ScriptEngine.run(ScriptEngine.java:194)
	at com.kms.katalon.core.main.ScriptEngine.runScriptAsRawText(ScriptEngine.java:119)
	at com.kms.katalon.core.main.TestCaseExecutor.runScript(TestCaseExecutor.java:321)
	at com.kms.katalon.core.main.TestCaseExecutor.doExecute(TestCaseExecutor.java:312)
	at com.kms.katalon.core.main.TestCaseExecutor.processExecutionPhase(TestCaseExecutor.java:291)
	at com.kms.katalon.core.main.TestCaseExecutor.accessMainPhase(TestCaseExecutor.java:283)
	at com.kms.katalon.core.main.TestCaseExecutor.execute(TestCaseExecutor.java:222)
	at com.kms.katalon.core.main.TestSuiteExecutor.accessTestCaseMainPhase(TestSuiteExecutor.java:129)
	at com.kms.katalon.core.main.TestSuiteExecutor.accessTestSuiteMainPhase(TestSuiteExecutor.java:112)
	at com.kms.katalon.core.main.TestSuiteExecutor.execute(TestSuiteExecutor.java:81)
	at com.kms.katalon.core.main.TestCaseMain.startTestSuite(TestCaseMain.java:149)
	at com.kms.katalon.core.main.TestCaseMain$startTestSuite$0.call(Unknown Source)
	at TempTestSuite1544407740414.run(TempTestSuite1544407740414.groovy:36)


2018-12-10 09:09:32 - [TEST_STEP][PASSED] - Start listener action : afterTestcase: Browser is closed

2018-12-10 09:09:32 - [TEST_STEP][PASSED] - closeBrowser(): Browser is closed

2018-12-10 09:09:32 - [MESSAGE][PASSED] - Browser is closed]]></system-out>
         <system-err><![CDATA[2018-12-10 09:09:23 - [TEST_CASE][FAILED] - Test Cases/Base Data - Qualification/06 Filter Pagination/79 Filter Previous Navigation: Test Cases/Base Data - Qualification/06 Filter Pagination/79 Filter Previous Navigation FAILED.
Reason:
com.kms.katalon.core.exception.StepFailedException: Unable to click on object 'Object Repository/Page_WorkForce Management System As/a_Page 3 of 20_lnk_qua_prev' (Root cause: java.lang.IllegalArgumentException: Cannot find elements when the XPath expression is null.)
	at com.kms.katalon.core.keyword.internal.KeywordMain.stepFailed(KeywordMain.groovy:36)
	at com.kms.katalon.core.webui.keyword.internal.WebUIKeywordMain.stepFailed(WebUIKeywordMain.groovy:65)
	at com.kms.katalon.core.webui.keyword.internal.WebUIKeywordMain.runKeyword(WebUIKeywordMain.groovy:27)
	at com.kms.katalon.core.webui.keyword.builtin.ClickKeyword.click(ClickKeyword.groovy:86)
	at com.kms.katalon.core.webui.keyword.builtin.ClickKeyword.execute(ClickKeyword.groovy:67)
	at com.kms.katalon.core.keyword.internal.KeywordExecutor.executeKeywordForPlatform(KeywordExecutor.groovy:53)
	at com.kms.katalon.core.webui.keyword.WebUiBuiltInKeywords.click(WebUiBuiltInKeywords.groovy:616)
	at com.kms.katalon.core.webui.keyword.WebUiBuiltInKeywords$click$3.call(Unknown Source)
	at 79 Filter Previous Navigation.run(79 Filter Previous Navigation:22)
	at com.kms.katalon.core.main.ScriptEngine.run(ScriptEngine.java:194)
	at com.kms.katalon.core.main.ScriptEngine.runScriptAsRawText(ScriptEngine.java:119)
	at com.kms.katalon.core.main.TestCaseExecutor.runScript(TestCaseExecutor.java:321)
	at com.kms.katalon.core.main.TestCaseExecutor.doExecute(TestCaseExecutor.java:312)
	at com.kms.katalon.core.main.TestCaseExecutor.processExecutionPhase(TestCaseExecutor.java:291)
	at com.kms.katalon.core.main.TestCaseExecutor.accessMainPhase(TestCaseExecutor.java:283)
	at com.kms.katalon.core.main.TestCaseExecutor.execute(TestCaseExecutor.java:222)
	at com.kms.katalon.core.main.TestSuiteExecutor.accessTestCaseMainPhase(TestSuiteExecutor.java:129)
	at com.kms.katalon.core.main.TestSuiteExecutor.accessTestSuiteMainPhase(TestSuiteExecutor.java:112)
	at com.kms.katalon.core.main.TestSuiteExecutor.execute(TestSuiteExecutor.java:81)
	at com.kms.katalon.core.main.TestCaseMain.startTestSuite(TestCaseMain.java:149)
	at com.kms.katalon.core.main.TestCaseMain$startTestSuite$0.call(Unknown Source)
	at TempTestSuite1544407740414.run(TempTestSuite1544407740414.groovy:36)]]></system-err>
      </testcase>
      <system-out><![CDATA[2018-12-10 09:09:02 - [TEST_SUITE][FAILED] - New Test Suite: Test Cases/Base Data - Qualification/06 Filter Pagination/79 Filter Previous Navigation FAILED.
Reason:
com.kms.katalon.core.exception.StepFailedException: Unable to click on object 'Object Repository/Page_WorkForce Management System As/a_Page 3 of 20_lnk_qua_prev' (Root cause: java.lang.IllegalArgumentException: Cannot find elements when the XPath expression is null.)
	at com.kms.katalon.core.keyword.internal.KeywordMain.stepFailed(KeywordMain.groovy:36)
	at com.kms.katalon.core.webui.keyword.internal.WebUIKeywordMain.stepFailed(WebUIKeywordMain.groovy:65)
	at com.kms.katalon.core.webui.keyword.internal.WebUIKeywordMain.runKeyword(WebUIKeywordMain.groovy:27)
	at com.kms.katalon.core.webui.keyword.builtin.ClickKeyword.click(ClickKeyword.groovy:86)
	at com.kms.katalon.core.webui.keyword.builtin.ClickKeyword.execute(ClickKeyword.groovy:67)
	at com.kms.katalon.core.keyword.internal.KeywordExecutor.executeKeywordForPlatform(KeywordExecutor.groovy:53)
	at com.kms.katalon.core.webui.keyword.WebUiBuiltInKeywords.click(WebUiBuiltInKeywords.groovy:616)
	at com.kms.katalon.core.webui.keyword.WebUiBuiltInKeywords$click$3.call(Unknown Source)
	at 79 Filter Previous Navigation.run(79 Filter Previous Navigation:22)
	at com.kms.katalon.core.main.ScriptEngine.run(ScriptEngine.java:194)
	at com.kms.katalon.core.main.ScriptEngine.runScriptAsRawText(ScriptEngine.java:119)
	at com.kms.katalon.core.main.TestCaseExecutor.runScript(TestCaseExecutor.java:321)
	at com.kms.katalon.core.main.TestCaseExecutor.doExecute(TestCaseExecutor.java:312)
	at com.kms.katalon.core.main.TestCaseExecutor.processExecutionPhase(TestCaseExecutor.java:291)
	at com.kms.katalon.core.main.TestCaseExecutor.accessMainPhase(TestCaseExecutor.java:283)
	at com.kms.katalon.core.main.TestCaseExecutor.execute(TestCaseExecutor.java:222)
	at com.kms.katalon.core.main.TestSuiteExecutor.accessTestCaseMainPhase(TestSuiteExecutor.java:129)
	at com.kms.katalon.core.main.TestSuiteExecutor.accessTestSuiteMainPhase(TestSuiteExecutor.java:112)
	at com.kms.katalon.core.main.TestSuiteExecutor.execute(TestSuiteExecutor.java:81)
	at com.kms.katalon.core.main.TestCaseMain.startTestSuite(TestCaseMain.java:149)
	at com.kms.katalon.core.main.TestCaseMain$startTestSuite$0.call(Unknown Source)
	at TempTestSuite1544407740414.run(TempTestSuite1544407740414.groovy:36)]]></system-out>
      <system-err><![CDATA[2018-12-10 09:09:02 - [TEST_SUITE][FAILED] - New Test Suite: Test Cases/Base Data - Qualification/06 Filter Pagination/79 Filter Previous Navigation FAILED.
Reason:
com.kms.katalon.core.exception.StepFailedException: Unable to click on object 'Object Repository/Page_WorkForce Management System As/a_Page 3 of 20_lnk_qua_prev' (Root cause: java.lang.IllegalArgumentException: Cannot find elements when the XPath expression is null.)
	at com.kms.katalon.core.keyword.internal.KeywordMain.stepFailed(KeywordMain.groovy:36)
	at com.kms.katalon.core.webui.keyword.internal.WebUIKeywordMain.stepFailed(WebUIKeywordMain.groovy:65)
	at com.kms.katalon.core.webui.keyword.internal.WebUIKeywordMain.runKeyword(WebUIKeywordMain.groovy:27)
	at com.kms.katalon.core.webui.keyword.builtin.ClickKeyword.click(ClickKeyword.groovy:86)
	at com.kms.katalon.core.webui.keyword.builtin.ClickKeyword.execute(ClickKeyword.groovy:67)
	at com.kms.katalon.core.keyword.internal.KeywordExecutor.executeKeywordForPlatform(KeywordExecutor.groovy:53)
	at com.kms.katalon.core.webui.keyword.WebUiBuiltInKeywords.click(WebUiBuiltInKeywords.groovy:616)
	at com.kms.katalon.core.webui.keyword.WebUiBuiltInKeywords$click$3.call(Unknown Source)
	at 79 Filter Previous Navigation.run(79 Filter Previous Navigation:22)
	at com.kms.katalon.core.main.ScriptEngine.run(ScriptEngine.java:194)
	at com.kms.katalon.core.main.ScriptEngine.runScriptAsRawText(ScriptEngine.java:119)
	at com.kms.katalon.core.main.TestCaseExecutor.runScript(TestCaseExecutor.java:321)
	at com.kms.katalon.core.main.TestCaseExecutor.doExecute(TestCaseExecutor.java:312)
	at com.kms.katalon.core.main.TestCaseExecutor.processExecutionPhase(TestCaseExecutor.java:291)
	at com.kms.katalon.core.main.TestCaseExecutor.accessMainPhase(TestCaseExecutor.java:283)
	at com.kms.katalon.core.main.TestCaseExecutor.execute(TestCaseExecutor.java:222)
	at com.kms.katalon.core.main.TestSuiteExecutor.accessTestCaseMainPhase(TestSuiteExecutor.java:129)
	at com.kms.katalon.core.main.TestSuiteExecutor.accessTestSuiteMainPhase(TestSuiteExecutor.java:112)
	at com.kms.katalon.core.main.TestSuiteExecutor.execute(TestSuiteExecutor.java:81)
	at com.kms.katalon.core.main.TestCaseMain.startTestSuite(TestCaseMain.java:149)
	at com.kms.katalon.core.main.TestCaseMain$startTestSuite$0.call(Unknown Source)
	at TempTestSuite1544407740414.run(TempTestSuite1544407740414.groovy:36)]]></system-err>
   </testsuite>
</testsuites>
