<?xml version="1.0" encoding="UTF-8"?>
<testsuites name="New Test Suite" time="69" tests="5" failures="1" errors="0">
   <testsuite name="New Test Suite" tests="5" failures="1" errors="0" time="69" timestamp="2018-12-04 09:24:41" hostname="Administrator - 172.25.138.72" id="Test Suites/New Test Suite">
      <properties>
         <property name="deviceName" value=""/>
         <property name="devicePlatform" value=""/>
         <property name="logFolder" value="D:\\ASYST\\project\\ads workforce\\katalon\\Workforce Management\\Reports\\New Test Suite\\20181204_092439"/>
         <property name="logFiles" value="D:\\ASYST\\project\\ads workforce\\katalon\\Workforce Management\\Reports\\New Test Suite\\20181204_092439\\execution0.log"/>
         <property name="attachments" value="D:\\ASYST\\project\\ads workforce\\katalon\\Workforce Management\\Reports\\New Test Suite\\20181204_092439\\1543890297118.png"/>
         <property name="hostName" value="Administrator - 172.25.138.72"/>
         <property name="os" value="Windows 7 64bit"/>
         <property name="katalonVersion" value="5.9.1.2"/>
         <property name="browser" value="Chrome 70.0.3538.110"/>
         <property name="hostAddress" value="172.25.138.72"/>
         <property name="sessionId" value="801e4a7870d9f0639e7771ea8355bd6f"/>
         <property name="seleniumVersion" value="3.7.1"/>
         <property name="proxyInformation" value="ProxyInformation{proxyOption=NO_PROXY, proxyServerType=HTTP, password=, proxyServerAddress=, proxyServerPort=0}"/>
         <property name="platform" value="Windows 7"/>
      </properties>
      <testcase name="Test Cases/Base Data - Qualification/01 Create Qualification/Positive/57 Add New Qualification Data" classname="Test Cases/Base Data - Qualification/01 Create Qualification/Positive/57 Add New Qualification Data" status="FAILED">
         <failure type="FAILED" message="Test Cases/Base Data - Qualification/01 Create Qualification/Positive/57 Add New Qualification Data FAILED.
Reason:
com.kms.katalon.core.exception.StepFailedException: Unable to click on object 'Object Repository/Page_WorkForce Management System As/li_CGKPB_BI_CKIEDIT' (Root cause: org.openqa.selenium.ElementNotVisibleException: element not interactable
  (Session info: chrome=70.0.3538.110)
  (Driver info: chromedriver=2.43.600210 (68dcf5eebde37173d4027fa8635e332711d2874a),platform=Windows NT 6.1.7601 SP1 x86_64) (WARNING: The server did not provide any stacktrace information)
Command duration or timeout: 0 milliseconds
Build info: version: '3.7.1', revision: '8a0099a', time: '2017-11-06T21:07:36.161Z'
System info: host: 'ASYST-PC', ip: '172.25.138.72', os.name: 'Windows 7', os.arch: 'amd64', os.version: '6.1', java.version: '1.8.0_181'
Driver info: com.kms.katalon.selenium.driver.CChromeDriver
Capabilities {acceptInsecureCerts: false, acceptSslCerts: false, applicationCacheEnabled: false, browserConnectionEnabled: false, browserName: chrome, chrome: {chromedriverVersion: 2.43.600210 (68dcf5eebde371..., userDataDir: C:\Users\ADMINI~1\AppData\L...}, cssSelectorsEnabled: true, databaseEnabled: false, goog:chromeOptions: {debuggerAddress: localhost:49635}, handlesAlerts: true, hasTouchScreen: false, javascriptEnabled: true, locationContextEnabled: true, mobileEmulationEnabled: false, nativeEvents: true, networkConnectionEnabled: false, pageLoadStrategy: normal, platform: XP, platformName: XP, rotatable: false, setWindowRect: true, takesHeapSnapshot: true, takesScreenshot: true, unexpectedAlertBehaviour: , unhandledPromptBehavior: , version: 70.0.3538.110, webStorageEnabled: true}
Session ID: b4c878e69556bfb7b22741cfd3cbb929)
	at com.kms.katalon.core.keyword.internal.KeywordMain.stepFailed(KeywordMain.groovy:36)
	at com.kms.katalon.core.webui.keyword.internal.WebUIKeywordMain.stepFailed(WebUIKeywordMain.groovy:65)
	at com.kms.katalon.core.webui.keyword.internal.WebUIKeywordMain.runKeyword(WebUIKeywordMain.groovy:27)
	at com.kms.katalon.core.webui.keyword.builtin.ClickKeyword.click(ClickKeyword.groovy:86)
	at com.kms.katalon.core.webui.keyword.builtin.ClickKeyword.execute(ClickKeyword.groovy:67)
	at com.kms.katalon.core.keyword.internal.KeywordExecutor.executeKeywordForPlatform(KeywordExecutor.groovy:53)
	at com.kms.katalon.core.webui.keyword.WebUiBuiltInKeywords.click(WebUiBuiltInKeywords.groovy:616)
	at com.kms.katalon.core.webui.keyword.WebUiBuiltInKeywords$click$3.call(Unknown Source)
	at 57 Add New Qualification Data.run(57 Add New Qualification Data:44)
	at com.kms.katalon.core.main.ScriptEngine.run(ScriptEngine.java:194)
	at com.kms.katalon.core.main.ScriptEngine.runScriptAsRawText(ScriptEngine.java:119)
	at com.kms.katalon.core.main.TestCaseExecutor.runScript(TestCaseExecutor.java:321)
	at com.kms.katalon.core.main.TestCaseExecutor.doExecute(TestCaseExecutor.java:312)
	at com.kms.katalon.core.main.TestCaseExecutor.processExecutionPhase(TestCaseExecutor.java:291)
	at com.kms.katalon.core.main.TestCaseExecutor.accessMainPhase(TestCaseExecutor.java:283)
	at com.kms.katalon.core.main.TestCaseExecutor.execute(TestCaseExecutor.java:222)
	at com.kms.katalon.core.main.TestSuiteExecutor.accessTestCaseMainPhase(TestSuiteExecutor.java:129)
	at com.kms.katalon.core.main.TestSuiteExecutor.accessTestSuiteMainPhase(TestSuiteExecutor.java:112)
	at com.kms.katalon.core.main.TestSuiteExecutor.execute(TestSuiteExecutor.java:81)
	at com.kms.katalon.core.main.TestCaseMain.startTestSuite(TestCaseMain.java:149)
	at com.kms.katalon.core.main.TestCaseMain$startTestSuite$0.call(Unknown Source)
	at TempTestSuite1543890279234.run(TempTestSuite1543890279234.groovy:36)
"/>
         <system-out><![CDATA[2018-12-04 09:24:42 - [TEST_CASE][FAILED] - Test Cases/Base Data - Qualification/01 Create Qualification/Positive/57 Add New Qualification Data: Test Cases/Base Data - Qualification/01 Create Qualification/Positive/57 Add New Qualification Data FAILED.
Reason:
com.kms.katalon.core.exception.StepFailedException: Unable to click on object 'Object Repository/Page_WorkForce Management System As/li_CGKPB_BI_CKIEDIT' (Root cause: org.openqa.selenium.ElementNotVisibleException: element not interactable
  (Session info: chrome=70.0.3538.110)
  (Driver info: chromedriver=2.43.600210 (68dcf5eebde37173d4027fa8635e332711d2874a),platform=Windows NT 6.1.7601 SP1 x86_64) (WARNING: The server did not provide any stacktrace information)
Command duration or timeout: 0 milliseconds
Build info: version: '3.7.1', revision: '8a0099a', time: '2017-11-06T21:07:36.161Z'
System info: host: 'ASYST-PC', ip: '172.25.138.72', os.name: 'Windows 7', os.arch: 'amd64', os.version: '6.1', java.version: '1.8.0_181'
Driver info: com.kms.katalon.selenium.driver.CChromeDriver
Capabilities {acceptInsecureCerts: false, acceptSslCerts: false, applicationCacheEnabled: false, browserConnectionEnabled: false, browserName: chrome, chrome: {chromedriverVersion: 2.43.600210 (68dcf5eebde371..., userDataDir: C:\Users\ADMINI~1\AppData\L...}, cssSelectorsEnabled: true, databaseEnabled: false, goog:chromeOptions: {debuggerAddress: localhost:49635}, handlesAlerts: true, hasTouchScreen: false, javascriptEnabled: true, locationContextEnabled: true, mobileEmulationEnabled: false, nativeEvents: true, networkConnectionEnabled: false, pageLoadStrategy: normal, platform: XP, platformName: XP, rotatable: false, setWindowRect: true, takesHeapSnapshot: true, takesScreenshot: true, unexpectedAlertBehaviour: , unhandledPromptBehavior: , version: 70.0.3538.110, webStorageEnabled: true}
Session ID: b4c878e69556bfb7b22741cfd3cbb929)
	at com.kms.katalon.core.keyword.internal.KeywordMain.stepFailed(KeywordMain.groovy:36)
	at com.kms.katalon.core.webui.keyword.internal.WebUIKeywordMain.stepFailed(WebUIKeywordMain.groovy:65)
	at com.kms.katalon.core.webui.keyword.internal.WebUIKeywordMain.runKeyword(WebUIKeywordMain.groovy:27)
	at com.kms.katalon.core.webui.keyword.builtin.ClickKeyword.click(ClickKeyword.groovy:86)
	at com.kms.katalon.core.webui.keyword.builtin.ClickKeyword.execute(ClickKeyword.groovy:67)
	at com.kms.katalon.core.keyword.internal.KeywordExecutor.executeKeywordForPlatform(KeywordExecutor.groovy:53)
	at com.kms.katalon.core.webui.keyword.WebUiBuiltInKeywords.click(WebUiBuiltInKeywords.groovy:616)
	at com.kms.katalon.core.webui.keyword.WebUiBuiltInKeywords$click$3.call(Unknown Source)
	at 57 Add New Qualification Data.run(57 Add New Qualification Data:44)
	at com.kms.katalon.core.main.ScriptEngine.run(ScriptEngine.java:194)
	at com.kms.katalon.core.main.ScriptEngine.runScriptAsRawText(ScriptEngine.java:119)
	at com.kms.katalon.core.main.TestCaseExecutor.runScript(TestCaseExecutor.java:321)
	at com.kms.katalon.core.main.TestCaseExecutor.doExecute(TestCaseExecutor.java:312)
	at com.kms.katalon.core.main.TestCaseExecutor.processExecutionPhase(TestCaseExecutor.java:291)
	at com.kms.katalon.core.main.TestCaseExecutor.accessMainPhase(TestCaseExecutor.java:283)
	at com.kms.katalon.core.main.TestCaseExecutor.execute(TestCaseExecutor.java:222)
	at com.kms.katalon.core.main.TestSuiteExecutor.accessTestCaseMainPhase(TestSuiteExecutor.java:129)
	at com.kms.katalon.core.main.TestSuiteExecutor.accessTestSuiteMainPhase(TestSuiteExecutor.java:112)
	at com.kms.katalon.core.main.TestSuiteExecutor.execute(TestSuiteExecutor.java:81)
	at com.kms.katalon.core.main.TestCaseMain.startTestSuite(TestCaseMain.java:149)
	at com.kms.katalon.core.main.TestCaseMain$startTestSuite$0.call(Unknown Source)
	at TempTestSuite1543890279234.run(TempTestSuite1543890279234.groovy:36)


2018-12-04 09:24:42 - [TEST_STEP][PASSED] - openBrowser(""): Browser is opened with url: ''

2018-12-04 09:24:42 - [MESSAGE][INFO] - Starting 'Chrome' driver

2018-12-04 09:24:42 - [MESSAGE][INFO] - Action delay is set to 0 seconds

2018-12-04 09:24:47 - [MESSAGE][PASSED] - Browser is opened with url: ''

2018-12-04 09:24:47 - [TEST_STEP][PASSED] - navigateToUrl("http://ads.asyst.co.id/login.html"): Navigate to 'http://ads.asyst.co.id/login.html' successfully

2018-12-04 09:24:49 - [MESSAGE][PASSED] - Navigate to 'http://ads.asyst.co.id/login.html' successfully

2018-12-04 09:24:49 - [TEST_STEP][PASSED] - setText(findTestObject("Page_Asyst Workforce asd/input_Email_inp_lgn_email"), "haris.ilham"): Text 'haris.ilham' is set on object 'Object Repository/Page_Asyst Workforce asd/input_Email_inp_lgn_email'

2018-12-04 09:24:49 - [MESSAGE][PASSED] - Text 'haris.ilham' is set on object 'Object Repository/Page_Asyst Workforce asd/input_Email_inp_lgn_email'

2018-12-04 09:24:49 - [TEST_STEP][PASSED] - setEncryptedText(findTestObject("Page_Asyst Workforce asd/input_Password_inp_lgn_passwor"), "iGDxf8hSRT4="): Text ****** has been set on object 'Object Repository/Page_Asyst Workforce asd/input_Password_inp_lgn_passwor'

2018-12-04 09:24:49 - [MESSAGE][PASSED] - Text ****** has been set on object 'Object Repository/Page_Asyst Workforce asd/input_Password_inp_lgn_passwor'

2018-12-04 09:24:49 - [TEST_STEP][PASSED] - click(findTestObject("Page_Asyst Workforce asd/button_Login")): Object: 'Object Repository/Page_Asyst Workforce asd/button_Login' is clicked on

2018-12-04 09:24:54 - [MESSAGE][PASSED] - Object: 'Object Repository/Page_Asyst Workforce asd/button_Login' is clicked on

2018-12-04 09:24:54 - [TEST_STEP][PASSED] - click(findTestObject("Page_WorkForce Management System As/span_Base Data")): Object: 'Object Repository/Page_WorkForce Management System As/span_Base Data' is clicked on

2018-12-04 09:24:54 - [MESSAGE][PASSED] - Object: 'Object Repository/Page_WorkForce Management System As/span_Base Data' is clicked on

2018-12-04 09:24:54 - [TEST_STEP][PASSED] - waitForElementVisible(findTestObject("Page_WorkForce Management System As/span_Employee"), 50): Object 'Object Repository/Page_WorkForce Management System As/span_Employee' is visible

2018-12-04 09:24:54 - [MESSAGE][PASSED] - Object 'Object Repository/Page_WorkForce Management System As/span_Employee' is visible

2018-12-04 09:24:54 - [TEST_STEP][PASSED] - click(findTestObject("Page_WorkForce Management System As/span_Employee")): Object: 'Object Repository/Page_WorkForce Management System As/span_Employee' is clicked on

2018-12-04 09:24:54 - [MESSAGE][PASSED] - Object: 'Object Repository/Page_WorkForce Management System As/span_Employee' is clicked on

2018-12-04 09:24:54 - [TEST_STEP][PASSED] - waitForElementVisible(findTestObject("Page_WorkForce Management System As/span_Qualification"), 50): Object 'Object Repository/Page_WorkForce Management System As/span_Qualification' is visible

2018-12-04 09:24:55 - [MESSAGE][PASSED] - Object 'Object Repository/Page_WorkForce Management System As/span_Qualification' is visible

2018-12-04 09:24:55 - [TEST_STEP][PASSED] - click(findTestObject("Page_WorkForce Management System As/span_Qualification")): Object: 'Object Repository/Page_WorkForce Management System As/span_Qualification' is clicked on

2018-12-04 09:24:55 - [MESSAGE][PASSED] - Object: 'Object Repository/Page_WorkForce Management System As/span_Qualification' is clicked on

2018-12-04 09:24:55 - [TEST_STEP][PASSED] - click(findTestObject("Page_WorkForce Management System As/button_Add New (2)")): Object: 'Object Repository/Page_WorkForce Management System As/button_Add New (2)' is clicked on

2018-12-04 09:24:56 - [MESSAGE][PASSED] - Object: 'Object Repository/Page_WorkForce Management System As/button_Add New (2)' is clicked on

2018-12-04 09:24:56 - [TEST_STEP][PASSED] - setText(findTestObject("Page_WorkForce Management System As/input__inp_qua_code"), "AAAFUNCTION"): Text 'AAAFUNCTION' is set on object 'Object Repository/Page_WorkForce Management System As/input__inp_qua_code'

2018-12-04 09:24:56 - [MESSAGE][PASSED] - Text 'AAAFUNCTION' is set on object 'Object Repository/Page_WorkForce Management System As/input__inp_qua_code'

2018-12-04 09:24:56 - [TEST_STEP][PASSED] - setText(findTestObject("Page_WorkForce Management System As/input__inp_qua_name"), "AAAFUNCTION"): Text 'AAAFUNCTION' is set on object 'Object Repository/Page_WorkForce Management System As/input__inp_qua_name'

2018-12-04 09:24:56 - [MESSAGE][PASSED] - Text 'AAAFUNCTION' is set on object 'Object Repository/Page_WorkForce Management System As/input__inp_qua_name'

2018-12-04 09:24:56 - [TEST_STEP][PASSED] - setText(findTestObject("Page_WorkForce Management System As/input_Qualification_dual-listb"), "EDIT"): Text 'EDIT' is set on object 'Object Repository/Page_WorkForce Management System As/input_Qualification_dual-listb'

2018-12-04 09:24:56 - [MESSAGE][PASSED] - Text 'EDIT' is set on object 'Object Repository/Page_WorkForce Management System As/input_Qualification_dual-listb'

2018-12-04 09:24:56 - [TEST_STEP][FAILED] - click(findTestObject("Page_WorkForce Management System As/li_CGKPB_BI_CKIEDIT")): click(findTestObject("Page_WorkForce Management System As/li_CGKPB_BI_CKIEDIT")) FAILED.
Reason:
com.kms.katalon.core.exception.StepFailedException: Unable to click on object 'Object Repository/Page_WorkForce Management System As/li_CGKPB_BI_CKIEDIT' (Root cause: org.openqa.selenium.ElementNotVisibleException: element not interactable
  (Session info: chrome=70.0.3538.110)
  (Driver info: chromedriver=2.43.600210 (68dcf5eebde37173d4027fa8635e332711d2874a),platform=Windows NT 6.1.7601 SP1 x86_64) (WARNING: The server did not provide any stacktrace information)
Command duration or timeout: 0 milliseconds
Build info: version: '3.7.1', revision: '8a0099a', time: '2017-11-06T21:07:36.161Z'
System info: host: 'ASYST-PC', ip: '172.25.138.72', os.name: 'Windows 7', os.arch: 'amd64', os.version: '6.1', java.version: '1.8.0_181'
Driver info: com.kms.katalon.selenium.driver.CChromeDriver
Capabilities {acceptInsecureCerts: false, acceptSslCerts: false, applicationCacheEnabled: false, browserConnectionEnabled: false, browserName: chrome, chrome: {chromedriverVersion: 2.43.600210 (68dcf5eebde371..., userDataDir: C:\Users\ADMINI~1\AppData\L...}, cssSelectorsEnabled: true, databaseEnabled: false, goog:chromeOptions: {debuggerAddress: localhost:49635}, handlesAlerts: true, hasTouchScreen: false, javascriptEnabled: true, locationContextEnabled: true, mobileEmulationEnabled: false, nativeEvents: true, networkConnectionEnabled: false, pageLoadStrategy: normal, platform: XP, platformName: XP, rotatable: false, setWindowRect: true, takesHeapSnapshot: true, takesScreenshot: true, unexpectedAlertBehaviour: , unhandledPromptBehavior: , version: 70.0.3538.110, webStorageEnabled: true}
Session ID: b4c878e69556bfb7b22741cfd3cbb929)
	at com.kms.katalon.core.keyword.internal.KeywordMain.stepFailed(KeywordMain.groovy:36)
	at com.kms.katalon.core.webui.keyword.internal.WebUIKeywordMain.stepFailed(WebUIKeywordMain.groovy:65)
	at com.kms.katalon.core.webui.keyword.internal.WebUIKeywordMain.runKeyword(WebUIKeywordMain.groovy:27)
	at com.kms.katalon.core.webui.keyword.builtin.ClickKeyword.click(ClickKeyword.groovy:86)
	at com.kms.katalon.core.webui.keyword.builtin.ClickKeyword.execute(ClickKeyword.groovy:67)
	at com.kms.katalon.core.keyword.internal.KeywordExecutor.executeKeywordForPlatform(KeywordExecutor.groovy:53)
	at com.kms.katalon.core.webui.keyword.WebUiBuiltInKeywords.click(WebUiBuiltInKeywords.groovy:616)
	at com.kms.katalon.core.webui.keyword.WebUiBuiltInKeywords$click$3.call(Unknown Source)
	at 57 Add New Qualification Data.run(57 Add New Qualification Data:44)
	at com.kms.katalon.core.main.ScriptEngine.run(ScriptEngine.java:194)
	at com.kms.katalon.core.main.ScriptEngine.runScriptAsRawText(ScriptEngine.java:119)
	at com.kms.katalon.core.main.TestCaseExecutor.runScript(TestCaseExecutor.java:321)
	at com.kms.katalon.core.main.TestCaseExecutor.doExecute(TestCaseExecutor.java:312)
	at com.kms.katalon.core.main.TestCaseExecutor.processExecutionPhase(TestCaseExecutor.java:291)
	at com.kms.katalon.core.main.TestCaseExecutor.accessMainPhase(TestCaseExecutor.java:283)
	at com.kms.katalon.core.main.TestCaseExecutor.execute(TestCaseExecutor.java:222)
	at com.kms.katalon.core.main.TestSuiteExecutor.accessTestCaseMainPhase(TestSuiteExecutor.java:129)
	at com.kms.katalon.core.main.TestSuiteExecutor.accessTestSuiteMainPhase(TestSuiteExecutor.java:112)
	at com.kms.katalon.core.main.TestSuiteExecutor.execute(TestSuiteExecutor.java:81)
	at com.kms.katalon.core.main.TestCaseMain.startTestSuite(TestCaseMain.java:149)
	at com.kms.katalon.core.main.TestCaseMain$startTestSuite$0.call(Unknown Source)
	at TempTestSuite1543890279234.run(TempTestSuite1543890279234.groovy:36)


2018-12-04 09:24:57 - [MESSAGE][FAILED] - Unable to click on object 'Object Repository/Page_WorkForce Management System As/li_CGKPB_BI_CKIEDIT' (Root cause: org.openqa.selenium.ElementNotVisibleException: element not interactable
  (Session info: chrome=70.0.3538.110)
  (Driver info: chromedriver=2.43.600210 (68dcf5eebde37173d4027fa8635e332711d2874a),platform=Windows NT 6.1.7601 SP1 x86_64) (WARNING: The server did not provide any stacktrace information)
Command duration or timeout: 0 milliseconds
Build info: version: '3.7.1', revision: '8a0099a', time: '2017-11-06T21:07:36.161Z'
System info: host: 'ASYST-PC', ip: '172.25.138.72', os.name: 'Windows 7', os.arch: 'amd64', os.version: '6.1', java.version: '1.8.0_181'
Driver info: com.kms.katalon.selenium.driver.CChromeDriver
Capabilities {acceptInsecureCerts: false, acceptSslCerts: false, applicationCacheEnabled: false, browserConnectionEnabled: false, browserName: chrome, chrome: {chromedriverVersion: 2.43.600210 (68dcf5eebde371..., userDataDir: C:\Users\ADMINI~1\AppData\L...}, cssSelectorsEnabled: true, databaseEnabled: false, goog:chromeOptions: {debuggerAddress: localhost:49635}, handlesAlerts: true, hasTouchScreen: false, javascriptEnabled: true, locationContextEnabled: true, mobileEmulationEnabled: false, nativeEvents: true, networkConnectionEnabled: false, pageLoadStrategy: normal, platform: XP, platformName: XP, rotatable: false, setWindowRect: true, takesHeapSnapshot: true, takesScreenshot: true, unexpectedAlertBehaviour: , unhandledPromptBehavior: , version: 70.0.3538.110, webStorageEnabled: true}
Session ID: b4c878e69556bfb7b22741cfd3cbb929)
[[ATTACHMENT|D:\\ASYST\\project\\ads workforce\\katalon\\Workforce Management\\Reports\\New Test Suite\\20181204_092439\\1543890297118.png]]

2018-12-04 09:24:57 - [MESSAGE][FAILED] - click(findTestObject("Page_WorkForce Management System As/li_CGKPB_BI_CKIEDIT")) FAILED.
Reason:
com.kms.katalon.core.exception.StepFailedException: Unable to click on object 'Object Repository/Page_WorkForce Management System As/li_CGKPB_BI_CKIEDIT' (Root cause: org.openqa.selenium.ElementNotVisibleException: element not interactable
  (Session info: chrome=70.0.3538.110)
  (Driver info: chromedriver=2.43.600210 (68dcf5eebde37173d4027fa8635e332711d2874a),platform=Windows NT 6.1.7601 SP1 x86_64) (WARNING: The server did not provide any stacktrace information)
Command duration or timeout: 0 milliseconds
Build info: version: '3.7.1', revision: '8a0099a', time: '2017-11-06T21:07:36.161Z'
System info: host: 'ASYST-PC', ip: '172.25.138.72', os.name: 'Windows 7', os.arch: 'amd64', os.version: '6.1', java.version: '1.8.0_181'
Driver info: com.kms.katalon.selenium.driver.CChromeDriver
Capabilities {acceptInsecureCerts: false, acceptSslCerts: false, applicationCacheEnabled: false, browserConnectionEnabled: false, browserName: chrome, chrome: {chromedriverVersion: 2.43.600210 (68dcf5eebde371..., userDataDir: C:\Users\ADMINI~1\AppData\L...}, cssSelectorsEnabled: true, databaseEnabled: false, goog:chromeOptions: {debuggerAddress: localhost:49635}, handlesAlerts: true, hasTouchScreen: false, javascriptEnabled: true, locationContextEnabled: true, mobileEmulationEnabled: false, nativeEvents: true, networkConnectionEnabled: false, pageLoadStrategy: normal, platform: XP, platformName: XP, rotatable: false, setWindowRect: true, takesHeapSnapshot: true, takesScreenshot: true, unexpectedAlertBehaviour: , unhandledPromptBehavior: , version: 70.0.3538.110, webStorageEnabled: true}
Session ID: b4c878e69556bfb7b22741cfd3cbb929)
	at com.kms.katalon.core.keyword.internal.KeywordMain.stepFailed(KeywordMain.groovy:36)
	at com.kms.katalon.core.webui.keyword.internal.WebUIKeywordMain.stepFailed(WebUIKeywordMain.groovy:65)
	at com.kms.katalon.core.webui.keyword.internal.WebUIKeywordMain.runKeyword(WebUIKeywordMain.groovy:27)
	at com.kms.katalon.core.webui.keyword.builtin.ClickKeyword.click(ClickKeyword.groovy:86)
	at com.kms.katalon.core.webui.keyword.builtin.ClickKeyword.execute(ClickKeyword.groovy:67)
	at com.kms.katalon.core.keyword.internal.KeywordExecutor.executeKeywordForPlatform(KeywordExecutor.groovy:53)
	at com.kms.katalon.core.webui.keyword.WebUiBuiltInKeywords.click(WebUiBuiltInKeywords.groovy:616)
	at com.kms.katalon.core.webui.keyword.WebUiBuiltInKeywords$click$3.call(Unknown Source)
	at 57 Add New Qualification Data.run(57 Add New Qualification Data:44)
	at com.kms.katalon.core.main.ScriptEngine.run(ScriptEngine.java:194)
	at com.kms.katalon.core.main.ScriptEngine.runScriptAsRawText(ScriptEngine.java:119)
	at com.kms.katalon.core.main.TestCaseExecutor.runScript(TestCaseExecutor.java:321)
	at com.kms.katalon.core.main.TestCaseExecutor.doExecute(TestCaseExecutor.java:312)
	at com.kms.katalon.core.main.TestCaseExecutor.processExecutionPhase(TestCaseExecutor.java:291)
	at com.kms.katalon.core.main.TestCaseExecutor.accessMainPhase(TestCaseExecutor.java:283)
	at com.kms.katalon.core.main.TestCaseExecutor.execute(TestCaseExecutor.java:222)
	at com.kms.katalon.core.main.TestSuiteExecutor.accessTestCaseMainPhase(TestSuiteExecutor.java:129)
	at com.kms.katalon.core.main.TestSuiteExecutor.accessTestSuiteMainPhase(TestSuiteExecutor.java:112)
	at com.kms.katalon.core.main.TestSuiteExecutor.execute(TestSuiteExecutor.java:81)
	at com.kms.katalon.core.main.TestCaseMain.startTestSuite(TestCaseMain.java:149)
	at com.kms.katalon.core.main.TestCaseMain$startTestSuite$0.call(Unknown Source)
	at TempTestSuite1543890279234.run(TempTestSuite1543890279234.groovy:36)]]></system-out>
         <system-err><![CDATA[2018-12-04 09:24:42 - [TEST_CASE][FAILED] - Test Cases/Base Data - Qualification/01 Create Qualification/Positive/57 Add New Qualification Data: Test Cases/Base Data - Qualification/01 Create Qualification/Positive/57 Add New Qualification Data FAILED.
Reason:
com.kms.katalon.core.exception.StepFailedException: Unable to click on object 'Object Repository/Page_WorkForce Management System As/li_CGKPB_BI_CKIEDIT' (Root cause: org.openqa.selenium.ElementNotVisibleException: element not interactable
  (Session info: chrome=70.0.3538.110)
  (Driver info: chromedriver=2.43.600210 (68dcf5eebde37173d4027fa8635e332711d2874a),platform=Windows NT 6.1.7601 SP1 x86_64) (WARNING: The server did not provide any stacktrace information)
Command duration or timeout: 0 milliseconds
Build info: version: '3.7.1', revision: '8a0099a', time: '2017-11-06T21:07:36.161Z'
System info: host: 'ASYST-PC', ip: '172.25.138.72', os.name: 'Windows 7', os.arch: 'amd64', os.version: '6.1', java.version: '1.8.0_181'
Driver info: com.kms.katalon.selenium.driver.CChromeDriver
Capabilities {acceptInsecureCerts: false, acceptSslCerts: false, applicationCacheEnabled: false, browserConnectionEnabled: false, browserName: chrome, chrome: {chromedriverVersion: 2.43.600210 (68dcf5eebde371..., userDataDir: C:\Users\ADMINI~1\AppData\L...}, cssSelectorsEnabled: true, databaseEnabled: false, goog:chromeOptions: {debuggerAddress: localhost:49635}, handlesAlerts: true, hasTouchScreen: false, javascriptEnabled: true, locationContextEnabled: true, mobileEmulationEnabled: false, nativeEvents: true, networkConnectionEnabled: false, pageLoadStrategy: normal, platform: XP, platformName: XP, rotatable: false, setWindowRect: true, takesHeapSnapshot: true, takesScreenshot: true, unexpectedAlertBehaviour: , unhandledPromptBehavior: , version: 70.0.3538.110, webStorageEnabled: true}
Session ID: b4c878e69556bfb7b22741cfd3cbb929)
	at com.kms.katalon.core.keyword.internal.KeywordMain.stepFailed(KeywordMain.groovy:36)
	at com.kms.katalon.core.webui.keyword.internal.WebUIKeywordMain.stepFailed(WebUIKeywordMain.groovy:65)
	at com.kms.katalon.core.webui.keyword.internal.WebUIKeywordMain.runKeyword(WebUIKeywordMain.groovy:27)
	at com.kms.katalon.core.webui.keyword.builtin.ClickKeyword.click(ClickKeyword.groovy:86)
	at com.kms.katalon.core.webui.keyword.builtin.ClickKeyword.execute(ClickKeyword.groovy:67)
	at com.kms.katalon.core.keyword.internal.KeywordExecutor.executeKeywordForPlatform(KeywordExecutor.groovy:53)
	at com.kms.katalon.core.webui.keyword.WebUiBuiltInKeywords.click(WebUiBuiltInKeywords.groovy:616)
	at com.kms.katalon.core.webui.keyword.WebUiBuiltInKeywords$click$3.call(Unknown Source)
	at 57 Add New Qualification Data.run(57 Add New Qualification Data:44)
	at com.kms.katalon.core.main.ScriptEngine.run(ScriptEngine.java:194)
	at com.kms.katalon.core.main.ScriptEngine.runScriptAsRawText(ScriptEngine.java:119)
	at com.kms.katalon.core.main.TestCaseExecutor.runScript(TestCaseExecutor.java:321)
	at com.kms.katalon.core.main.TestCaseExecutor.doExecute(TestCaseExecutor.java:312)
	at com.kms.katalon.core.main.TestCaseExecutor.processExecutionPhase(TestCaseExecutor.java:291)
	at com.kms.katalon.core.main.TestCaseExecutor.accessMainPhase(TestCaseExecutor.java:283)
	at com.kms.katalon.core.main.TestCaseExecutor.execute(TestCaseExecutor.java:222)
	at com.kms.katalon.core.main.TestSuiteExecutor.accessTestCaseMainPhase(TestSuiteExecutor.java:129)
	at com.kms.katalon.core.main.TestSuiteExecutor.accessTestSuiteMainPhase(TestSuiteExecutor.java:112)
	at com.kms.katalon.core.main.TestSuiteExecutor.execute(TestSuiteExecutor.java:81)
	at com.kms.katalon.core.main.TestCaseMain.startTestSuite(TestCaseMain.java:149)
	at com.kms.katalon.core.main.TestCaseMain$startTestSuite$0.call(Unknown Source)
	at TempTestSuite1543890279234.run(TempTestSuite1543890279234.groovy:36)]]></system-err>
      </testcase>
      <testcase name="Test Cases/Base Data - Qualification/01 Create Qualification/Positive/58 Add New Qualification Data with Many Function" classname="Test Cases/Base Data - Qualification/01 Create Qualification/Positive/58 Add New Qualification Data with Many Function" status="PASSED">
         <system-out><![CDATA[2018-12-04 09:24:57 - [TEST_CASE][PASSED] - Test Cases/Base Data - Qualification/01 Create Qualification/Positive/58 Add New Qualification Data with Many Function: Test Cases/Base Data - Qualification/01 Create Qualification/Positive/58 Add New Qualification Data with Many Function

2018-12-04 09:24:57 - [TEST_STEP][PASSED] - openBrowser(""): Browser is opened with url: ''

2018-12-04 09:24:57 - [MESSAGE][WARNING] - A browser is already opened. Closing browser and opening a new one

2018-12-04 09:24:58 - [MESSAGE][INFO] - Starting 'Chrome' driver

2018-12-04 09:25:00 - [MESSAGE][PASSED] - Browser is opened with url: ''

2018-12-04 09:25:00 - [TEST_STEP][PASSED] - navigateToUrl("http://ads.asyst.co.id/login.html"): Navigate to 'http://ads.asyst.co.id/login.html' successfully

2018-12-04 09:25:03 - [MESSAGE][PASSED] - Navigate to 'http://ads.asyst.co.id/login.html' successfully

2018-12-04 09:25:03 - [TEST_STEP][PASSED] - setText(findTestObject("Page_Asyst Workforce asd/input_Email_inp_lgn_email"), "haris.ilham"): Text 'haris.ilham' is set on object 'Object Repository/Page_Asyst Workforce asd/input_Email_inp_lgn_email'

2018-12-04 09:25:04 - [MESSAGE][PASSED] - Text 'haris.ilham' is set on object 'Object Repository/Page_Asyst Workforce asd/input_Email_inp_lgn_email'

2018-12-04 09:25:04 - [TEST_STEP][PASSED] - setEncryptedText(findTestObject("Page_Asyst Workforce asd/input_Password_inp_lgn_passwor"), "iGDxf8hSRT4="): Text ****** has been set on object 'Object Repository/Page_Asyst Workforce asd/input_Password_inp_lgn_passwor'

2018-12-04 09:25:04 - [MESSAGE][PASSED] - Text ****** has been set on object 'Object Repository/Page_Asyst Workforce asd/input_Password_inp_lgn_passwor'

2018-12-04 09:25:04 - [TEST_STEP][PASSED] - click(findTestObject("Page_Asyst Workforce asd/button_Login")): Object: 'Object Repository/Page_Asyst Workforce asd/button_Login' is clicked on

2018-12-04 09:25:04 - [MESSAGE][PASSED] - Object: 'Object Repository/Page_Asyst Workforce asd/button_Login' is clicked on

2018-12-04 09:25:04 - [TEST_STEP][PASSED] - click(findTestObject("Object Repository/Page_WorkForce Management System As/span_Base Data")): Object: 'Object Repository/Page_WorkForce Management System As/span_Base Data' is clicked on

2018-12-04 09:25:04 - [MESSAGE][PASSED] - Object: 'Object Repository/Page_WorkForce Management System As/span_Base Data' is clicked on

2018-12-04 09:25:04 - [TEST_STEP][PASSED] - waitForElementVisible(findTestObject("Object Repository/Page_WorkForce Management System As/span_Employee"), 50): Object 'Object Repository/Page_WorkForce Management System As/span_Employee' is visible

2018-12-04 09:25:05 - [MESSAGE][PASSED] - Object 'Object Repository/Page_WorkForce Management System As/span_Employee' is visible

2018-12-04 09:25:05 - [TEST_STEP][PASSED] - click(findTestObject("Object Repository/Page_WorkForce Management System As/span_Employee")): Object: 'Object Repository/Page_WorkForce Management System As/span_Employee' is clicked on

2018-12-04 09:25:05 - [MESSAGE][PASSED] - Object: 'Object Repository/Page_WorkForce Management System As/span_Employee' is clicked on

2018-12-04 09:25:05 - [TEST_STEP][PASSED] - waitForElementVisible(findTestObject("Object Repository/Page_WorkForce Management System As/span_Qualification"), 50): Object 'Object Repository/Page_WorkForce Management System As/span_Qualification' is visible

2018-12-04 09:25:06 - [MESSAGE][PASSED] - Object 'Object Repository/Page_WorkForce Management System As/span_Qualification' is visible

2018-12-04 09:25:06 - [TEST_STEP][PASSED] - click(findTestObject("Object Repository/Page_WorkForce Management System As/span_Qualification")): Object: 'Object Repository/Page_WorkForce Management System As/span_Qualification' is clicked on

2018-12-04 09:25:06 - [MESSAGE][PASSED] - Object: 'Object Repository/Page_WorkForce Management System As/span_Qualification' is clicked on

2018-12-04 09:25:06 - [TEST_STEP][PASSED] - click(findTestObject("Object Repository/Page_WorkForce Management System As/button_Add New (2)")): Object: 'Object Repository/Page_WorkForce Management System As/button_Add New (2)' is clicked on

2018-12-04 09:25:06 - [MESSAGE][PASSED] - Object: 'Object Repository/Page_WorkForce Management System As/button_Add New (2)' is clicked on

2018-12-04 09:25:06 - [TEST_STEP][PASSED] - setText(findTestObject("Object Repository/Page_WorkForce Management System As/input__inp_qua_code"), "AABFUNCTION"): Text 'AABFUNCTION' is set on object 'Object Repository/Page_WorkForce Management System As/input__inp_qua_code'

2018-12-04 09:25:07 - [MESSAGE][PASSED] - Text 'AABFUNCTION' is set on object 'Object Repository/Page_WorkForce Management System As/input__inp_qua_code'

2018-12-04 09:25:07 - [TEST_STEP][PASSED] - setText(findTestObject("Object Repository/Page_WorkForce Management System As/input__inp_qua_name"), "AAABFUNCTION"): Text 'AAABFUNCTION' is set on object 'Object Repository/Page_WorkForce Management System As/input__inp_qua_name'

2018-12-04 09:25:07 - [MESSAGE][PASSED] - Text 'AAABFUNCTION' is set on object 'Object Repository/Page_WorkForce Management System As/input__inp_qua_name'

2018-12-04 09:25:07 - [TEST_STEP][PASSED] - click(findTestObject("Object Repository/Page_WorkForce Management System As/li_CGKAS_MPL_ATT")): Object: 'Object Repository/Page_WorkForce Management System As/li_CGKAS_MPL_ATT' is clicked on

2018-12-04 09:25:07 - [MESSAGE][PASSED] - Object: 'Object Repository/Page_WorkForce Management System As/li_CGKAS_MPL_ATT' is clicked on

2018-12-04 09:25:07 - [TEST_STEP][PASSED] - click(findTestObject("Object Repository/Page_WorkForce Management System As/button_add")): Object: 'Object Repository/Page_WorkForce Management System As/button_add' is clicked on

2018-12-04 09:25:07 - [MESSAGE][PASSED] - Object: 'Object Repository/Page_WorkForce Management System As/button_add' is clicked on

2018-12-04 09:25:07 - [TEST_STEP][PASSED] - click(findTestObject("Object Repository/Page_WorkForce Management System As/li_CGKAS_MPL_LM")): Object: 'Object Repository/Page_WorkForce Management System As/li_CGKAS_MPL_LM' is clicked on

2018-12-04 09:25:07 - [MESSAGE][PASSED] - Object: 'Object Repository/Page_WorkForce Management System As/li_CGKAS_MPL_LM' is clicked on

2018-12-04 09:25:07 - [TEST_STEP][PASSED] - click(findTestObject("Object Repository/Page_WorkForce Management System As/button_add")): Object: 'Object Repository/Page_WorkForce Management System As/button_add' is clicked on

2018-12-04 09:25:07 - [MESSAGE][PASSED] - Object: 'Object Repository/Page_WorkForce Management System As/button_add' is clicked on

2018-12-04 09:25:07 - [TEST_STEP][PASSED] - click(findTestObject("Object Repository/Page_WorkForce Management System As/li_CGKAS_MPL_BTT")): Object: 'Object Repository/Page_WorkForce Management System As/li_CGKAS_MPL_BTT' is clicked on

2018-12-04 09:25:07 - [MESSAGE][PASSED] - Object: 'Object Repository/Page_WorkForce Management System As/li_CGKAS_MPL_BTT' is clicked on

2018-12-04 09:25:07 - [TEST_STEP][PASSED] - click(findTestObject("Object Repository/Page_WorkForce Management System As/button_add")): Object: 'Object Repository/Page_WorkForce Management System As/button_add' is clicked on

2018-12-04 09:25:08 - [MESSAGE][PASSED] - Object: 'Object Repository/Page_WorkForce Management System As/button_add' is clicked on

2018-12-04 09:25:08 - [TEST_STEP][PASSED] - click(findTestObject("Object Repository/Page_WorkForce Management System As/li_CGKAS_MPL_RAMP")): Object: 'Object Repository/Page_WorkForce Management System As/li_CGKAS_MPL_RAMP' is clicked on

2018-12-04 09:25:08 - [MESSAGE][PASSED] - Object: 'Object Repository/Page_WorkForce Management System As/li_CGKAS_MPL_RAMP' is clicked on

2018-12-04 09:25:08 - [TEST_STEP][PASSED] - click(findTestObject("Object Repository/Page_WorkForce Management System As/button_add")): Object: 'Object Repository/Page_WorkForce Management System As/button_add' is clicked on

2018-12-04 09:25:08 - [MESSAGE][PASSED] - Object: 'Object Repository/Page_WorkForce Management System As/button_add' is clicked on

2018-12-04 09:25:08 - [TEST_STEP][PASSED] - click(findTestObject("Object Repository/Page_WorkForce Management System As/span_Save (2)")): Object: 'Object Repository/Page_WorkForce Management System As/span_Save (2)' is clicked on

2018-12-04 09:25:08 - [MESSAGE][PASSED] - Object: 'Object Repository/Page_WorkForce Management System As/span_Save (2)' is clicked on

2018-12-04 09:25:08 - [TEST_STEP][PASSED] - click(findTestObject("Object Repository/Page_WorkForce Management System As/input_Data has been Input succ")): Object: 'Object Repository/Page_WorkForce Management System As/input_Data has been Input succ' is clicked on

2018-12-04 09:25:08 - [MESSAGE][PASSED] - Object: 'Object Repository/Page_WorkForce Management System As/input_Data has been Input succ' is clicked on

2018-12-04 09:25:08 - [TEST_STEP][PASSED] - closeBrowser(): Browser is closed

2018-12-04 09:25:09 - [MESSAGE][PASSED] - Browser is closed]]></system-out>
         <system-err><![CDATA[]]></system-err>
      </testcase>
      <testcase name="Test Cases/Base Data - Qualification/01 Create Qualification/Positive/59 Add New Qualification Data with All Function" classname="Test Cases/Base Data - Qualification/01 Create Qualification/Positive/59 Add New Qualification Data with All Function" status="PASSED">
         <system-out><![CDATA[2018-12-04 09:25:09 - [TEST_CASE][PASSED] - Test Cases/Base Data - Qualification/01 Create Qualification/Positive/59 Add New Qualification Data with All Function: Test Cases/Base Data - Qualification/01 Create Qualification/Positive/59 Add New Qualification Data with All Function

2018-12-04 09:25:09 - [TEST_STEP][PASSED] - openBrowser(""): Browser is opened with url: ''

2018-12-04 09:25:09 - [MESSAGE][INFO] - Starting 'Chrome' driver

2018-12-04 09:25:11 - [MESSAGE][PASSED] - Browser is opened with url: ''

2018-12-04 09:25:11 - [TEST_STEP][PASSED] - navigateToUrl("http://ads.asyst.co.id/login.html"): Navigate to 'http://ads.asyst.co.id/login.html' successfully

2018-12-04 09:25:14 - [MESSAGE][PASSED] - Navigate to 'http://ads.asyst.co.id/login.html' successfully

2018-12-04 09:25:14 - [TEST_STEP][PASSED] - setText(findTestObject("Page_Asyst Workforce asd/input_Email_inp_lgn_email"), "haris.ilham"): Text 'haris.ilham' is set on object 'Object Repository/Page_Asyst Workforce asd/input_Email_inp_lgn_email'

2018-12-04 09:25:14 - [MESSAGE][PASSED] - Text 'haris.ilham' is set on object 'Object Repository/Page_Asyst Workforce asd/input_Email_inp_lgn_email'

2018-12-04 09:25:14 - [TEST_STEP][PASSED] - setEncryptedText(findTestObject("Page_Asyst Workforce asd/input_Password_inp_lgn_passwor"), "iGDxf8hSRT4="): Text ****** has been set on object 'Object Repository/Page_Asyst Workforce asd/input_Password_inp_lgn_passwor'

2018-12-04 09:25:14 - [MESSAGE][PASSED] - Text ****** has been set on object 'Object Repository/Page_Asyst Workforce asd/input_Password_inp_lgn_passwor'

2018-12-04 09:25:14 - [TEST_STEP][PASSED] - click(findTestObject("Page_Asyst Workforce asd/button_Login")): Object: 'Object Repository/Page_Asyst Workforce asd/button_Login' is clicked on

2018-12-04 09:25:15 - [MESSAGE][PASSED] - Object: 'Object Repository/Page_Asyst Workforce asd/button_Login' is clicked on

2018-12-04 09:25:15 - [TEST_STEP][PASSED] - click(findTestObject("Object Repository/Page_WorkForce Management System As/span_Base Data")): Object: 'Object Repository/Page_WorkForce Management System As/span_Base Data' is clicked on

2018-12-04 09:25:15 - [MESSAGE][PASSED] - Object: 'Object Repository/Page_WorkForce Management System As/span_Base Data' is clicked on

2018-12-04 09:25:15 - [TEST_STEP][PASSED] - waitForElementVisible(findTestObject("Object Repository/Page_WorkForce Management System As/span_Employee"), 50): Object 'Object Repository/Page_WorkForce Management System As/span_Employee' is visible

2018-12-04 09:25:16 - [MESSAGE][PASSED] - Object 'Object Repository/Page_WorkForce Management System As/span_Employee' is visible

2018-12-04 09:25:16 - [TEST_STEP][PASSED] - click(findTestObject("Object Repository/Page_WorkForce Management System As/span_Employee")): Object: 'Object Repository/Page_WorkForce Management System As/span_Employee' is clicked on

2018-12-04 09:25:16 - [MESSAGE][PASSED] - Object: 'Object Repository/Page_WorkForce Management System As/span_Employee' is clicked on

2018-12-04 09:25:16 - [TEST_STEP][PASSED] - waitForElementVisible(findTestObject("Object Repository/Page_WorkForce Management System As/span_Qualification"), 50): Object 'Object Repository/Page_WorkForce Management System As/span_Qualification' is visible

2018-12-04 09:25:16 - [MESSAGE][PASSED] - Object 'Object Repository/Page_WorkForce Management System As/span_Qualification' is visible

2018-12-04 09:25:16 - [TEST_STEP][PASSED] - click(findTestObject("Object Repository/Page_WorkForce Management System As/span_Qualification")): Object: 'Object Repository/Page_WorkForce Management System As/span_Qualification' is clicked on

2018-12-04 09:25:16 - [MESSAGE][PASSED] - Object: 'Object Repository/Page_WorkForce Management System As/span_Qualification' is clicked on

2018-12-04 09:25:16 - [TEST_STEP][PASSED] - click(findTestObject("Object Repository/Page_WorkForce Management System As/button_Add New (2)")): Object: 'Object Repository/Page_WorkForce Management System As/button_Add New (2)' is clicked on

2018-12-04 09:25:17 - [MESSAGE][PASSED] - Object: 'Object Repository/Page_WorkForce Management System As/button_Add New (2)' is clicked on

2018-12-04 09:25:17 - [TEST_STEP][PASSED] - setText(findTestObject("Object Repository/Page_WorkForce Management System As/input__inp_qua_code"), "AAACFUNCTION"): Text 'AAACFUNCTION' is set on object 'Object Repository/Page_WorkForce Management System As/input__inp_qua_code'

2018-12-04 09:25:17 - [MESSAGE][PASSED] - Text 'AAACFUNCTION' is set on object 'Object Repository/Page_WorkForce Management System As/input__inp_qua_code'

2018-12-04 09:25:17 - [TEST_STEP][PASSED] - setText(findTestObject("Object Repository/Page_WorkForce Management System As/input__inp_qua_name"), "AAACFUNCTION"): Text 'AAACFUNCTION' is set on object 'Object Repository/Page_WorkForce Management System As/input__inp_qua_name'

2018-12-04 09:25:18 - [MESSAGE][PASSED] - Text 'AAACFUNCTION' is set on object 'Object Repository/Page_WorkForce Management System As/input__inp_qua_name'

2018-12-04 09:25:18 - [TEST_STEP][PASSED] - click(findTestObject("Object Repository/Page_WorkForce Management System As/button_add all")): Object: 'Object Repository/Page_WorkForce Management System As/button_add all' is clicked on

2018-12-04 09:25:18 - [MESSAGE][PASSED] - Object: 'Object Repository/Page_WorkForce Management System As/button_add all' is clicked on

2018-12-04 09:25:18 - [TEST_STEP][PASSED] - click(findTestObject("Object Repository/Page_WorkForce Management System As/span_Save (2)")): Object: 'Object Repository/Page_WorkForce Management System As/span_Save (2)' is clicked on

2018-12-04 09:25:20 - [MESSAGE][PASSED] - Object: 'Object Repository/Page_WorkForce Management System As/span_Save (2)' is clicked on

2018-12-04 09:25:20 - [TEST_STEP][PASSED] - click(findTestObject("Object Repository/Page_WorkForce Management System As/input_Data has been Input succ")): Object: 'Object Repository/Page_WorkForce Management System As/input_Data has been Input succ' is clicked on

2018-12-04 09:25:20 - [MESSAGE][PASSED] - Object: 'Object Repository/Page_WorkForce Management System As/input_Data has been Input succ' is clicked on

2018-12-04 09:25:20 - [TEST_STEP][PASSED] - closeBrowser(): Browser is closed

2018-12-04 09:25:21 - [MESSAGE][PASSED] - Browser is closed]]></system-out>
         <system-err><![CDATA[]]></system-err>
      </testcase>
      <testcase name="Test Cases/Base Data - Qualification/01 Create Qualification/Positive/60 Add New Qualification Data with Remove Many Function" classname="Test Cases/Base Data - Qualification/01 Create Qualification/Positive/60 Add New Qualification Data with Remove Many Function" status="PASSED">
         <system-out><![CDATA[2018-12-04 09:25:21 - [TEST_CASE][PASSED] - Test Cases/Base Data - Qualification/01 Create Qualification/Positive/60 Add New Qualification Data with Remove Many Function: Test Cases/Base Data - Qualification/01 Create Qualification/Positive/60 Add New Qualification Data with Remove Many Function

2018-12-04 09:25:21 - [TEST_STEP][PASSED] - openBrowser(""): Browser is opened with url: ''

2018-12-04 09:25:21 - [MESSAGE][INFO] - Starting 'Chrome' driver

2018-12-04 09:25:23 - [MESSAGE][PASSED] - Browser is opened with url: ''

2018-12-04 09:25:23 - [TEST_STEP][PASSED] - navigateToUrl("http://ads.asyst.co.id/login.html"): Navigate to 'http://ads.asyst.co.id/login.html' successfully

2018-12-04 09:25:26 - [MESSAGE][PASSED] - Navigate to 'http://ads.asyst.co.id/login.html' successfully

2018-12-04 09:25:26 - [TEST_STEP][PASSED] - setText(findTestObject("Page_Asyst Workforce asd/input_Email_inp_lgn_email"), "haris.ilham"): Text 'haris.ilham' is set on object 'Object Repository/Page_Asyst Workforce asd/input_Email_inp_lgn_email'

2018-12-04 09:25:26 - [MESSAGE][PASSED] - Text 'haris.ilham' is set on object 'Object Repository/Page_Asyst Workforce asd/input_Email_inp_lgn_email'

2018-12-04 09:25:26 - [TEST_STEP][PASSED] - setEncryptedText(findTestObject("Page_Asyst Workforce asd/input_Password_inp_lgn_passwor"), "iGDxf8hSRT4="): Text ****** has been set on object 'Object Repository/Page_Asyst Workforce asd/input_Password_inp_lgn_passwor'

2018-12-04 09:25:26 - [MESSAGE][PASSED] - Text ****** has been set on object 'Object Repository/Page_Asyst Workforce asd/input_Password_inp_lgn_passwor'

2018-12-04 09:25:26 - [TEST_STEP][PASSED] - click(findTestObject("Page_Asyst Workforce asd/button_Login")): Object: 'Object Repository/Page_Asyst Workforce asd/button_Login' is clicked on

2018-12-04 09:25:27 - [MESSAGE][PASSED] - Object: 'Object Repository/Page_Asyst Workforce asd/button_Login' is clicked on

2018-12-04 09:25:27 - [TEST_STEP][PASSED] - click(findTestObject("Object Repository/Page_WorkForce Management System As/span_Base Data")): Object: 'Object Repository/Page_WorkForce Management System As/span_Base Data' is clicked on

2018-12-04 09:25:27 - [MESSAGE][PASSED] - Object: 'Object Repository/Page_WorkForce Management System As/span_Base Data' is clicked on

2018-12-04 09:25:27 - [TEST_STEP][PASSED] - waitForElementVisible(findTestObject("Object Repository/Page_WorkForce Management System As/span_Employee"), 50): Object 'Object Repository/Page_WorkForce Management System As/span_Employee' is visible

2018-12-04 09:25:27 - [MESSAGE][PASSED] - Object 'Object Repository/Page_WorkForce Management System As/span_Employee' is visible

2018-12-04 09:25:27 - [TEST_STEP][PASSED] - click(findTestObject("Object Repository/Page_WorkForce Management System As/span_Employee")): Object: 'Object Repository/Page_WorkForce Management System As/span_Employee' is clicked on

2018-12-04 09:25:28 - [MESSAGE][PASSED] - Object: 'Object Repository/Page_WorkForce Management System As/span_Employee' is clicked on

2018-12-04 09:25:28 - [TEST_STEP][PASSED] - waitForElementVisible(findTestObject("Object Repository/Page_WorkForce Management System As/span_Qualification"), 50): Object 'Object Repository/Page_WorkForce Management System As/span_Qualification' is visible

2018-12-04 09:25:28 - [MESSAGE][PASSED] - Object 'Object Repository/Page_WorkForce Management System As/span_Qualification' is visible

2018-12-04 09:25:28 - [TEST_STEP][PASSED] - click(findTestObject("Object Repository/Page_WorkForce Management System As/span_Qualification")): Object: 'Object Repository/Page_WorkForce Management System As/span_Qualification' is clicked on

2018-12-04 09:25:28 - [MESSAGE][PASSED] - Object: 'Object Repository/Page_WorkForce Management System As/span_Qualification' is clicked on

2018-12-04 09:25:28 - [TEST_STEP][PASSED] - click(findTestObject("Object Repository/Page_WorkForce Management System As/button_Add New (2)")): Object: 'Object Repository/Page_WorkForce Management System As/button_Add New (2)' is clicked on

2018-12-04 09:25:29 - [MESSAGE][PASSED] - Object: 'Object Repository/Page_WorkForce Management System As/button_Add New (2)' is clicked on

2018-12-04 09:25:29 - [TEST_STEP][PASSED] - setText(findTestObject("Object Repository/Page_WorkForce Management System As/input__inp_qua_code"), "AAADFUNCTION"): Text 'AAADFUNCTION' is set on object 'Object Repository/Page_WorkForce Management System As/input__inp_qua_code'

2018-12-04 09:25:29 - [MESSAGE][PASSED] - Text 'AAADFUNCTION' is set on object 'Object Repository/Page_WorkForce Management System As/input__inp_qua_code'

2018-12-04 09:25:29 - [TEST_STEP][PASSED] - setText(findTestObject("Object Repository/Page_WorkForce Management System As/input__inp_qua_name"), "AAADFUNCTION"): Text 'AAADFUNCTION' is set on object 'Object Repository/Page_WorkForce Management System As/input__inp_qua_name'

2018-12-04 09:25:29 - [MESSAGE][PASSED] - Text 'AAADFUNCTION' is set on object 'Object Repository/Page_WorkForce Management System As/input__inp_qua_name'

2018-12-04 09:25:29 - [TEST_STEP][PASSED] - click(findTestObject("Object Repository/Page_WorkForce Management System As/li_CGKAS_MPL_ATT")): Object: 'Object Repository/Page_WorkForce Management System As/li_CGKAS_MPL_ATT' is clicked on

2018-12-04 09:25:29 - [MESSAGE][PASSED] - Object: 'Object Repository/Page_WorkForce Management System As/li_CGKAS_MPL_ATT' is clicked on

2018-12-04 09:25:29 - [TEST_STEP][PASSED] - click(findTestObject("Object Repository/Page_WorkForce Management System As/button_add")): Object: 'Object Repository/Page_WorkForce Management System As/button_add' is clicked on

2018-12-04 09:25:29 - [MESSAGE][PASSED] - Object: 'Object Repository/Page_WorkForce Management System As/button_add' is clicked on

2018-12-04 09:25:29 - [TEST_STEP][PASSED] - click(findTestObject("Object Repository/Page_WorkForce Management System As/li_CGKAS_MPL_LM")): Object: 'Object Repository/Page_WorkForce Management System As/li_CGKAS_MPL_LM' is clicked on

2018-12-04 09:25:30 - [MESSAGE][PASSED] - Object: 'Object Repository/Page_WorkForce Management System As/li_CGKAS_MPL_LM' is clicked on

2018-12-04 09:25:30 - [TEST_STEP][PASSED] - click(findTestObject("Object Repository/Page_WorkForce Management System As/button_add")): Object: 'Object Repository/Page_WorkForce Management System As/button_add' is clicked on

2018-12-04 09:25:30 - [MESSAGE][PASSED] - Object: 'Object Repository/Page_WorkForce Management System As/button_add' is clicked on

2018-12-04 09:25:30 - [TEST_STEP][PASSED] - click(findTestObject("Object Repository/Page_WorkForce Management System As/li_CGKAS_MPL_BTT")): Object: 'Object Repository/Page_WorkForce Management System As/li_CGKAS_MPL_BTT' is clicked on

2018-12-04 09:25:30 - [MESSAGE][PASSED] - Object: 'Object Repository/Page_WorkForce Management System As/li_CGKAS_MPL_BTT' is clicked on

2018-12-04 09:25:30 - [TEST_STEP][PASSED] - click(findTestObject("Object Repository/Page_WorkForce Management System As/button_add")): Object: 'Object Repository/Page_WorkForce Management System As/button_add' is clicked on

2018-12-04 09:25:30 - [MESSAGE][PASSED] - Object: 'Object Repository/Page_WorkForce Management System As/button_add' is clicked on

2018-12-04 09:25:30 - [TEST_STEP][PASSED] - click(findTestObject("Object Repository/Page_WorkForce Management System As/li_CGKAS_MPL_RAMP")): Object: 'Object Repository/Page_WorkForce Management System As/li_CGKAS_MPL_RAMP' is clicked on

2018-12-04 09:25:30 - [MESSAGE][PASSED] - Object: 'Object Repository/Page_WorkForce Management System As/li_CGKAS_MPL_RAMP' is clicked on

2018-12-04 09:25:30 - [TEST_STEP][PASSED] - click(findTestObject("Object Repository/Page_WorkForce Management System As/button_add")): Object: 'Object Repository/Page_WorkForce Management System As/button_add' is clicked on

2018-12-04 09:25:30 - [MESSAGE][PASSED] - Object: 'Object Repository/Page_WorkForce Management System As/button_add' is clicked on

2018-12-04 09:25:30 - [TEST_STEP][PASSED] - click(findTestObject("Object Repository/Page_WorkForce Management System As/li_CGKAS_MPL_ATT")): Object: 'Object Repository/Page_WorkForce Management System As/li_CGKAS_MPL_ATT' is clicked on

2018-12-04 09:25:30 - [MESSAGE][PASSED] - Object: 'Object Repository/Page_WorkForce Management System As/li_CGKAS_MPL_ATT' is clicked on

2018-12-04 09:25:30 - [TEST_STEP][PASSED] - click(findTestObject("Object Repository/Page_WorkForce Management System As/button_remove")): Object: 'Object Repository/Page_WorkForce Management System As/button_remove' is clicked on

2018-12-04 09:25:30 - [MESSAGE][PASSED] - Object: 'Object Repository/Page_WorkForce Management System As/button_remove' is clicked on

2018-12-04 09:25:30 - [TEST_STEP][PASSED] - click(findTestObject("Object Repository/Page_WorkForce Management System As/li_CGKAS_MPL_LM")): Object: 'Object Repository/Page_WorkForce Management System As/li_CGKAS_MPL_LM' is clicked on

2018-12-04 09:25:30 - [MESSAGE][PASSED] - Object: 'Object Repository/Page_WorkForce Management System As/li_CGKAS_MPL_LM' is clicked on

2018-12-04 09:25:30 - [TEST_STEP][PASSED] - click(findTestObject("Object Repository/Page_WorkForce Management System As/button_remove")): Object: 'Object Repository/Page_WorkForce Management System As/button_remove' is clicked on

2018-12-04 09:25:30 - [MESSAGE][PASSED] - Object: 'Object Repository/Page_WorkForce Management System As/button_remove' is clicked on

2018-12-04 09:25:30 - [TEST_STEP][PASSED] - click(findTestObject("Object Repository/Page_WorkForce Management System As/li_CGKAS_MPL_BTT")): Object: 'Object Repository/Page_WorkForce Management System As/li_CGKAS_MPL_BTT' is clicked on

2018-12-04 09:25:30 - [MESSAGE][PASSED] - Object: 'Object Repository/Page_WorkForce Management System As/li_CGKAS_MPL_BTT' is clicked on

2018-12-04 09:25:30 - [TEST_STEP][PASSED] - click(findTestObject("Object Repository/Page_WorkForce Management System As/button_remove")): Object: 'Object Repository/Page_WorkForce Management System As/button_remove' is clicked on

2018-12-04 09:25:30 - [MESSAGE][PASSED] - Object: 'Object Repository/Page_WorkForce Management System As/button_remove' is clicked on

2018-12-04 09:25:30 - [TEST_STEP][PASSED] - click(findTestObject("Object Repository/Page_WorkForce Management System As/li_CGKAS_MPL_RAMP")): Object: 'Object Repository/Page_WorkForce Management System As/li_CGKAS_MPL_RAMP' is clicked on

2018-12-04 09:25:31 - [MESSAGE][PASSED] - Object: 'Object Repository/Page_WorkForce Management System As/li_CGKAS_MPL_RAMP' is clicked on

2018-12-04 09:25:31 - [TEST_STEP][PASSED] - click(findTestObject("Object Repository/Page_WorkForce Management System As/button_remove")): Object: 'Object Repository/Page_WorkForce Management System As/button_remove' is clicked on

2018-12-04 09:25:31 - [MESSAGE][PASSED] - Object: 'Object Repository/Page_WorkForce Management System As/button_remove' is clicked on

2018-12-04 09:25:31 - [TEST_STEP][PASSED] - click(findTestObject("Object Repository/Page_WorkForce Management System As/span_Save (2)")): Object: 'Object Repository/Page_WorkForce Management System As/span_Save (2)' is clicked on

2018-12-04 09:25:31 - [MESSAGE][PASSED] - Object: 'Object Repository/Page_WorkForce Management System As/span_Save (2)' is clicked on

2018-12-04 09:25:31 - [TEST_STEP][PASSED] - click(findTestObject("Object Repository/Page_WorkForce Management System As/input_Data has been Input succ")): Object: 'Object Repository/Page_WorkForce Management System As/input_Data has been Input succ' is clicked on

2018-12-04 09:25:31 - [MESSAGE][PASSED] - Object: 'Object Repository/Page_WorkForce Management System As/input_Data has been Input succ' is clicked on

2018-12-04 09:25:31 - [TEST_STEP][PASSED] - closeBrowser(): Browser is closed

2018-12-04 09:25:32 - [MESSAGE][PASSED] - Browser is closed]]></system-out>
         <system-err><![CDATA[]]></system-err>
      </testcase>
      <testcase name="Test Cases/Base Data - Qualification/01 Create Qualification/Positive/61 Add New Qualification Data with Remove All Function" classname="Test Cases/Base Data - Qualification/01 Create Qualification/Positive/61 Add New Qualification Data with Remove All Function" status="PASSED">
         <system-out><![CDATA[2018-12-04 09:25:32 - [TEST_CASE][PASSED] - Test Cases/Base Data - Qualification/01 Create Qualification/Positive/61 Add New Qualification Data with Remove All Function: Test Cases/Base Data - Qualification/01 Create Qualification/Positive/61 Add New Qualification Data with Remove All Function

2018-12-04 09:25:32 - [TEST_STEP][PASSED] - openBrowser(""): Browser is opened with url: ''

2018-12-04 09:25:32 - [MESSAGE][INFO] - Starting 'Chrome' driver

2018-12-04 09:25:34 - [MESSAGE][PASSED] - Browser is opened with url: ''

2018-12-04 09:25:34 - [TEST_STEP][PASSED] - navigateToUrl("http://ads.asyst.co.id/login.html"): Navigate to 'http://ads.asyst.co.id/login.html' successfully

2018-12-04 09:25:36 - [MESSAGE][PASSED] - Navigate to 'http://ads.asyst.co.id/login.html' successfully

2018-12-04 09:25:36 - [TEST_STEP][PASSED] - setText(findTestObject("Page_Asyst Workforce asd/input_Email_inp_lgn_email"), "haris.ilham"): Text 'haris.ilham' is set on object 'Object Repository/Page_Asyst Workforce asd/input_Email_inp_lgn_email'

2018-12-04 09:25:37 - [MESSAGE][PASSED] - Text 'haris.ilham' is set on object 'Object Repository/Page_Asyst Workforce asd/input_Email_inp_lgn_email'

2018-12-04 09:25:37 - [TEST_STEP][PASSED] - setEncryptedText(findTestObject("Page_Asyst Workforce asd/input_Password_inp_lgn_passwor"), "iGDxf8hSRT4="): Text ****** has been set on object 'Object Repository/Page_Asyst Workforce asd/input_Password_inp_lgn_passwor'

2018-12-04 09:25:37 - [MESSAGE][PASSED] - Text ****** has been set on object 'Object Repository/Page_Asyst Workforce asd/input_Password_inp_lgn_passwor'

2018-12-04 09:25:37 - [TEST_STEP][PASSED] - click(findTestObject("Page_Asyst Workforce asd/button_Login")): Object: 'Object Repository/Page_Asyst Workforce asd/button_Login' is clicked on

2018-12-04 09:25:37 - [MESSAGE][PASSED] - Object: 'Object Repository/Page_Asyst Workforce asd/button_Login' is clicked on

2018-12-04 09:25:37 - [TEST_STEP][PASSED] - click(findTestObject("Object Repository/Page_WorkForce Management System As/span_Base Data")): Object: 'Object Repository/Page_WorkForce Management System As/span_Base Data' is clicked on

2018-12-04 09:25:37 - [MESSAGE][PASSED] - Object: 'Object Repository/Page_WorkForce Management System As/span_Base Data' is clicked on

2018-12-04 09:25:37 - [TEST_STEP][PASSED] - waitForElementVisible(findTestObject("Object Repository/Page_WorkForce Management System As/span_Employee"), 50): Object 'Object Repository/Page_WorkForce Management System As/span_Employee' is visible

2018-12-04 09:25:38 - [MESSAGE][PASSED] - Object 'Object Repository/Page_WorkForce Management System As/span_Employee' is visible

2018-12-04 09:25:38 - [TEST_STEP][PASSED] - click(findTestObject("Object Repository/Page_WorkForce Management System As/span_Employee")): Object: 'Object Repository/Page_WorkForce Management System As/span_Employee' is clicked on

2018-12-04 09:25:38 - [MESSAGE][PASSED] - Object: 'Object Repository/Page_WorkForce Management System As/span_Employee' is clicked on

2018-12-04 09:25:38 - [TEST_STEP][PASSED] - waitForElementVisible(findTestObject("Object Repository/Page_WorkForce Management System As/span_Qualification"), 50): Object 'Object Repository/Page_WorkForce Management System As/span_Qualification' is visible

2018-12-04 09:25:39 - [MESSAGE][PASSED] - Object 'Object Repository/Page_WorkForce Management System As/span_Qualification' is visible

2018-12-04 09:25:39 - [TEST_STEP][PASSED] - click(findTestObject("Object Repository/Page_WorkForce Management System As/span_Qualification")): Object: 'Object Repository/Page_WorkForce Management System As/span_Qualification' is clicked on

2018-12-04 09:25:39 - [MESSAGE][PASSED] - Object: 'Object Repository/Page_WorkForce Management System As/span_Qualification' is clicked on

2018-12-04 09:25:39 - [TEST_STEP][PASSED] - click(findTestObject("Object Repository/Page_WorkForce Management System As/button_Add New (2)")): Object: 'Object Repository/Page_WorkForce Management System As/button_Add New (2)' is clicked on

2018-12-04 09:25:39 - [MESSAGE][PASSED] - Object: 'Object Repository/Page_WorkForce Management System As/button_Add New (2)' is clicked on

2018-12-04 09:25:39 - [TEST_STEP][PASSED] - setText(findTestObject("Object Repository/Page_WorkForce Management System As/input__inp_qua_code"), "AAAEFUNCTION"): Text 'AAAEFUNCTION' is set on object 'Object Repository/Page_WorkForce Management System As/input__inp_qua_code'

2018-12-04 09:25:39 - [MESSAGE][PASSED] - Text 'AAAEFUNCTION' is set on object 'Object Repository/Page_WorkForce Management System As/input__inp_qua_code'

2018-12-04 09:25:39 - [TEST_STEP][PASSED] - setText(findTestObject("Object Repository/Page_WorkForce Management System As/input__inp_qua_name"), "AAAEFUNCTION"): Text 'AAAEFUNCTION' is set on object 'Object Repository/Page_WorkForce Management System As/input__inp_qua_name'

2018-12-04 09:25:40 - [MESSAGE][PASSED] - Text 'AAAEFUNCTION' is set on object 'Object Repository/Page_WorkForce Management System As/input__inp_qua_name'

2018-12-04 09:25:40 - [TEST_STEP][PASSED] - click(findTestObject("Object Repository/Page_WorkForce Management System As/button_add all")): Object: 'Object Repository/Page_WorkForce Management System As/button_add all' is clicked on

2018-12-04 09:25:40 - [MESSAGE][PASSED] - Object: 'Object Repository/Page_WorkForce Management System As/button_add all' is clicked on

2018-12-04 09:25:40 - [TEST_STEP][PASSED] - click(findTestObject("Object Repository/Page_WorkForce Management System As/button_remove all")): Object: 'Object Repository/Page_WorkForce Management System As/button_remove all' is clicked on

2018-12-04 09:25:40 - [MESSAGE][PASSED] - Object: 'Object Repository/Page_WorkForce Management System As/button_remove all' is clicked on

2018-12-04 09:25:40 - [TEST_STEP][PASSED] - click(findTestObject("Object Repository/Page_WorkForce Management System As/span_Save (2)")): Object: 'Object Repository/Page_WorkForce Management System As/span_Save (2)' is clicked on

2018-12-04 09:25:40 - [MESSAGE][PASSED] - Object: 'Object Repository/Page_WorkForce Management System As/span_Save (2)' is clicked on

2018-12-04 09:25:40 - [TEST_STEP][PASSED] - click(findTestObject("Object Repository/Page_WorkForce Management System As/input_Data has been Input succ")): Object: 'Object Repository/Page_WorkForce Management System As/input_Data has been Input succ' is clicked on

2018-12-04 09:25:40 - [MESSAGE][PASSED] - Object: 'Object Repository/Page_WorkForce Management System As/input_Data has been Input succ' is clicked on

2018-12-04 09:25:40 - [TEST_STEP][PASSED] - closeBrowser(): Browser is closed

2018-12-04 09:25:41 - [MESSAGE][PASSED] - Browser is closed]]></system-out>
         <system-err><![CDATA[]]></system-err>
      </testcase>
      <testcase name="Test Cases/Base Data - Qualification/01 Create Qualification/Positive/62 Add New Qualification Data without Function" classname="Test Cases/Base Data - Qualification/01 Create Qualification/Positive/62 Add New Qualification Data without Function" status="PASSED">
         <system-out><![CDATA[2018-12-04 09:25:41 - [TEST_CASE][PASSED] - Test Cases/Base Data - Qualification/01 Create Qualification/Positive/62 Add New Qualification Data without Function: Test Cases/Base Data - Qualification/01 Create Qualification/Positive/62 Add New Qualification Data without Function

2018-12-04 09:25:41 - [TEST_STEP][PASSED] - openBrowser(""): Browser is opened with url: ''

2018-12-04 09:25:41 - [MESSAGE][INFO] - Starting 'Chrome' driver

2018-12-04 09:25:44 - [MESSAGE][PASSED] - Browser is opened with url: ''

2018-12-04 09:25:44 - [TEST_STEP][PASSED] - navigateToUrl("http://ads.asyst.co.id/login.html"): Navigate to 'http://ads.asyst.co.id/login.html' successfully

2018-12-04 09:25:46 - [MESSAGE][PASSED] - Navigate to 'http://ads.asyst.co.id/login.html' successfully

2018-12-04 09:25:46 - [TEST_STEP][PASSED] - setText(findTestObject("Page_Asyst Workforce asd/input_Email_inp_lgn_email"), "haris.ilham"): Text 'haris.ilham' is set on object 'Object Repository/Page_Asyst Workforce asd/input_Email_inp_lgn_email'

2018-12-04 09:25:46 - [MESSAGE][PASSED] - Text 'haris.ilham' is set on object 'Object Repository/Page_Asyst Workforce asd/input_Email_inp_lgn_email'

2018-12-04 09:25:46 - [TEST_STEP][PASSED] - setEncryptedText(findTestObject("Page_Asyst Workforce asd/input_Password_inp_lgn_passwor"), "iGDxf8hSRT4="): Text ****** has been set on object 'Object Repository/Page_Asyst Workforce asd/input_Password_inp_lgn_passwor'

2018-12-04 09:25:47 - [MESSAGE][PASSED] - Text ****** has been set on object 'Object Repository/Page_Asyst Workforce asd/input_Password_inp_lgn_passwor'

2018-12-04 09:25:47 - [TEST_STEP][PASSED] - click(findTestObject("Page_Asyst Workforce asd/button_Login")): Object: 'Object Repository/Page_Asyst Workforce asd/button_Login' is clicked on

2018-12-04 09:25:47 - [MESSAGE][PASSED] - Object: 'Object Repository/Page_Asyst Workforce asd/button_Login' is clicked on

2018-12-04 09:25:47 - [TEST_STEP][PASSED] - click(findTestObject("Object Repository/Page_WorkForce Management System As/span_Base Data")): Object: 'Object Repository/Page_WorkForce Management System As/span_Base Data' is clicked on

2018-12-04 09:25:47 - [MESSAGE][PASSED] - Object: 'Object Repository/Page_WorkForce Management System As/span_Base Data' is clicked on

2018-12-04 09:25:47 - [TEST_STEP][PASSED] - waitForElementVisible(findTestObject("Object Repository/Page_WorkForce Management System As/span_Employee"), 50): Object 'Object Repository/Page_WorkForce Management System As/span_Employee' is visible

2018-12-04 09:25:48 - [MESSAGE][PASSED] - Object 'Object Repository/Page_WorkForce Management System As/span_Employee' is visible

2018-12-04 09:25:48 - [TEST_STEP][PASSED] - click(findTestObject("Object Repository/Page_WorkForce Management System As/span_Employee")): Object: 'Object Repository/Page_WorkForce Management System As/span_Employee' is clicked on

2018-12-04 09:25:48 - [MESSAGE][PASSED] - Object: 'Object Repository/Page_WorkForce Management System As/span_Employee' is clicked on

2018-12-04 09:25:48 - [TEST_STEP][PASSED] - waitForElementVisible(findTestObject("Object Repository/Page_WorkForce Management System As/span_Qualification"), 50): Object 'Object Repository/Page_WorkForce Management System As/span_Qualification' is visible

2018-12-04 09:25:49 - [MESSAGE][PASSED] - Object 'Object Repository/Page_WorkForce Management System As/span_Qualification' is visible

2018-12-04 09:25:49 - [TEST_STEP][PASSED] - click(findTestObject("Object Repository/Page_WorkForce Management System As/span_Qualification")): Object: 'Object Repository/Page_WorkForce Management System As/span_Qualification' is clicked on

2018-12-04 09:25:49 - [MESSAGE][PASSED] - Object: 'Object Repository/Page_WorkForce Management System As/span_Qualification' is clicked on

2018-12-04 09:25:49 - [TEST_STEP][PASSED] - click(findTestObject("Object Repository/Page_WorkForce Management System As/button_Add New (2)")): Object: 'Object Repository/Page_WorkForce Management System As/button_Add New (2)' is clicked on

2018-12-04 09:25:50 - [MESSAGE][PASSED] - Object: 'Object Repository/Page_WorkForce Management System As/button_Add New (2)' is clicked on

2018-12-04 09:25:50 - [TEST_STEP][PASSED] - setText(findTestObject("Object Repository/Page_WorkForce Management System As/input__inp_qua_code"), "AAAFFUNCTION"): Text 'AAAFFUNCTION' is set on object 'Object Repository/Page_WorkForce Management System As/input__inp_qua_code'

2018-12-04 09:25:50 - [MESSAGE][PASSED] - Text 'AAAFFUNCTION' is set on object 'Object Repository/Page_WorkForce Management System As/input__inp_qua_code'

2018-12-04 09:25:50 - [TEST_STEP][PASSED] - setText(findTestObject("Object Repository/Page_WorkForce Management System As/input__inp_qua_name"), "AAAFFUNCTION"): Text 'AAAFFUNCTION' is set on object 'Object Repository/Page_WorkForce Management System As/input__inp_qua_name'

2018-12-04 09:25:50 - [MESSAGE][PASSED] - Text 'AAAFFUNCTION' is set on object 'Object Repository/Page_WorkForce Management System As/input__inp_qua_name'

2018-12-04 09:25:50 - [TEST_STEP][PASSED] - click(findTestObject("Object Repository/Page_WorkForce Management System As/span_Save (2)")): Object: 'Object Repository/Page_WorkForce Management System As/span_Save (2)' is clicked on

2018-12-04 09:25:51 - [MESSAGE][PASSED] - Object: 'Object Repository/Page_WorkForce Management System As/span_Save (2)' is clicked on

2018-12-04 09:25:51 - [TEST_STEP][PASSED] - click(findTestObject("Object Repository/Page_WorkForce Management System As/input_Data has been Input succ")): Object: 'Object Repository/Page_WorkForce Management System As/input_Data has been Input succ' is clicked on

2018-12-04 09:25:51 - [MESSAGE][PASSED] - Object: 'Object Repository/Page_WorkForce Management System As/input_Data has been Input succ' is clicked on

2018-12-04 09:25:51 - [TEST_STEP][PASSED] - closeBrowser(): Browser is closed

2018-12-04 09:25:51 - [MESSAGE][PASSED] - Browser is closed]]></system-out>
         <system-err><![CDATA[]]></system-err>
      </testcase>
      <system-out><![CDATA[2018-12-04 09:24:41 - [TEST_SUITE][FAILED] - New Test Suite: Test Cases/Base Data - Qualification/01 Create Qualification/Positive/57 Add New Qualification Data FAILED.
Reason:
com.kms.katalon.core.exception.StepFailedException: Unable to click on object 'Object Repository/Page_WorkForce Management System As/li_CGKPB_BI_CKIEDIT' (Root cause: org.openqa.selenium.ElementNotVisibleException: element not interactable
  (Session info: chrome=70.0.3538.110)
  (Driver info: chromedriver=2.43.600210 (68dcf5eebde37173d4027fa8635e332711d2874a),platform=Windows NT 6.1.7601 SP1 x86_64) (WARNING: The server did not provide any stacktrace information)
Command duration or timeout: 0 milliseconds
Build info: version: '3.7.1', revision: '8a0099a', time: '2017-11-06T21:07:36.161Z'
System info: host: 'ASYST-PC', ip: '172.25.138.72', os.name: 'Windows 7', os.arch: 'amd64', os.version: '6.1', java.version: '1.8.0_181'
Driver info: com.kms.katalon.selenium.driver.CChromeDriver
Capabilities {acceptInsecureCerts: false, acceptSslCerts: false, applicationCacheEnabled: false, browserConnectionEnabled: false, browserName: chrome, chrome: {chromedriverVersion: 2.43.600210 (68dcf5eebde371..., userDataDir: C:\Users\ADMINI~1\AppData\L...}, cssSelectorsEnabled: true, databaseEnabled: false, goog:chromeOptions: {debuggerAddress: localhost:49635}, handlesAlerts: true, hasTouchScreen: false, javascriptEnabled: true, locationContextEnabled: true, mobileEmulationEnabled: false, nativeEvents: true, networkConnectionEnabled: false, pageLoadStrategy: normal, platform: XP, platformName: XP, rotatable: false, setWindowRect: true, takesHeapSnapshot: true, takesScreenshot: true, unexpectedAlertBehaviour: , unhandledPromptBehavior: , version: 70.0.3538.110, webStorageEnabled: true}
Session ID: b4c878e69556bfb7b22741cfd3cbb929)
	at com.kms.katalon.core.keyword.internal.KeywordMain.stepFailed(KeywordMain.groovy:36)
	at com.kms.katalon.core.webui.keyword.internal.WebUIKeywordMain.stepFailed(WebUIKeywordMain.groovy:65)
	at com.kms.katalon.core.webui.keyword.internal.WebUIKeywordMain.runKeyword(WebUIKeywordMain.groovy:27)
	at com.kms.katalon.core.webui.keyword.builtin.ClickKeyword.click(ClickKeyword.groovy:86)
	at com.kms.katalon.core.webui.keyword.builtin.ClickKeyword.execute(ClickKeyword.groovy:67)
	at com.kms.katalon.core.keyword.internal.KeywordExecutor.executeKeywordForPlatform(KeywordExecutor.groovy:53)
	at com.kms.katalon.core.webui.keyword.WebUiBuiltInKeywords.click(WebUiBuiltInKeywords.groovy:616)
	at com.kms.katalon.core.webui.keyword.WebUiBuiltInKeywords$click$3.call(Unknown Source)
	at 57 Add New Qualification Data.run(57 Add New Qualification Data:44)
	at com.kms.katalon.core.main.ScriptEngine.run(ScriptEngine.java:194)
	at com.kms.katalon.core.main.ScriptEngine.runScriptAsRawText(ScriptEngine.java:119)
	at com.kms.katalon.core.main.TestCaseExecutor.runScript(TestCaseExecutor.java:321)
	at com.kms.katalon.core.main.TestCaseExecutor.doExecute(TestCaseExecutor.java:312)
	at com.kms.katalon.core.main.TestCaseExecutor.processExecutionPhase(TestCaseExecutor.java:291)
	at com.kms.katalon.core.main.TestCaseExecutor.accessMainPhase(TestCaseExecutor.java:283)
	at com.kms.katalon.core.main.TestCaseExecutor.execute(TestCaseExecutor.java:222)
	at com.kms.katalon.core.main.TestSuiteExecutor.accessTestCaseMainPhase(TestSuiteExecutor.java:129)
	at com.kms.katalon.core.main.TestSuiteExecutor.accessTestSuiteMainPhase(TestSuiteExecutor.java:112)
	at com.kms.katalon.core.main.TestSuiteExecutor.execute(TestSuiteExecutor.java:81)
	at com.kms.katalon.core.main.TestCaseMain.startTestSuite(TestCaseMain.java:149)
	at com.kms.katalon.core.main.TestCaseMain$startTestSuite$0.call(Unknown Source)
	at TempTestSuite1543890279234.run(TempTestSuite1543890279234.groovy:36)]]></system-out>
      <system-err><![CDATA[2018-12-04 09:24:41 - [TEST_SUITE][FAILED] - New Test Suite: Test Cases/Base Data - Qualification/01 Create Qualification/Positive/57 Add New Qualification Data FAILED.
Reason:
com.kms.katalon.core.exception.StepFailedException: Unable to click on object 'Object Repository/Page_WorkForce Management System As/li_CGKPB_BI_CKIEDIT' (Root cause: org.openqa.selenium.ElementNotVisibleException: element not interactable
  (Session info: chrome=70.0.3538.110)
  (Driver info: chromedriver=2.43.600210 (68dcf5eebde37173d4027fa8635e332711d2874a),platform=Windows NT 6.1.7601 SP1 x86_64) (WARNING: The server did not provide any stacktrace information)
Command duration or timeout: 0 milliseconds
Build info: version: '3.7.1', revision: '8a0099a', time: '2017-11-06T21:07:36.161Z'
System info: host: 'ASYST-PC', ip: '172.25.138.72', os.name: 'Windows 7', os.arch: 'amd64', os.version: '6.1', java.version: '1.8.0_181'
Driver info: com.kms.katalon.selenium.driver.CChromeDriver
Capabilities {acceptInsecureCerts: false, acceptSslCerts: false, applicationCacheEnabled: false, browserConnectionEnabled: false, browserName: chrome, chrome: {chromedriverVersion: 2.43.600210 (68dcf5eebde371..., userDataDir: C:\Users\ADMINI~1\AppData\L...}, cssSelectorsEnabled: true, databaseEnabled: false, goog:chromeOptions: {debuggerAddress: localhost:49635}, handlesAlerts: true, hasTouchScreen: false, javascriptEnabled: true, locationContextEnabled: true, mobileEmulationEnabled: false, nativeEvents: true, networkConnectionEnabled: false, pageLoadStrategy: normal, platform: XP, platformName: XP, rotatable: false, setWindowRect: true, takesHeapSnapshot: true, takesScreenshot: true, unexpectedAlertBehaviour: , unhandledPromptBehavior: , version: 70.0.3538.110, webStorageEnabled: true}
Session ID: b4c878e69556bfb7b22741cfd3cbb929)
	at com.kms.katalon.core.keyword.internal.KeywordMain.stepFailed(KeywordMain.groovy:36)
	at com.kms.katalon.core.webui.keyword.internal.WebUIKeywordMain.stepFailed(WebUIKeywordMain.groovy:65)
	at com.kms.katalon.core.webui.keyword.internal.WebUIKeywordMain.runKeyword(WebUIKeywordMain.groovy:27)
	at com.kms.katalon.core.webui.keyword.builtin.ClickKeyword.click(ClickKeyword.groovy:86)
	at com.kms.katalon.core.webui.keyword.builtin.ClickKeyword.execute(ClickKeyword.groovy:67)
	at com.kms.katalon.core.keyword.internal.KeywordExecutor.executeKeywordForPlatform(KeywordExecutor.groovy:53)
	at com.kms.katalon.core.webui.keyword.WebUiBuiltInKeywords.click(WebUiBuiltInKeywords.groovy:616)
	at com.kms.katalon.core.webui.keyword.WebUiBuiltInKeywords$click$3.call(Unknown Source)
	at 57 Add New Qualification Data.run(57 Add New Qualification Data:44)
	at com.kms.katalon.core.main.ScriptEngine.run(ScriptEngine.java:194)
	at com.kms.katalon.core.main.ScriptEngine.runScriptAsRawText(ScriptEngine.java:119)
	at com.kms.katalon.core.main.TestCaseExecutor.runScript(TestCaseExecutor.java:321)
	at com.kms.katalon.core.main.TestCaseExecutor.doExecute(TestCaseExecutor.java:312)
	at com.kms.katalon.core.main.TestCaseExecutor.processExecutionPhase(TestCaseExecutor.java:291)
	at com.kms.katalon.core.main.TestCaseExecutor.accessMainPhase(TestCaseExecutor.java:283)
	at com.kms.katalon.core.main.TestCaseExecutor.execute(TestCaseExecutor.java:222)
	at com.kms.katalon.core.main.TestSuiteExecutor.accessTestCaseMainPhase(TestSuiteExecutor.java:129)
	at com.kms.katalon.core.main.TestSuiteExecutor.accessTestSuiteMainPhase(TestSuiteExecutor.java:112)
	at com.kms.katalon.core.main.TestSuiteExecutor.execute(TestSuiteExecutor.java:81)
	at com.kms.katalon.core.main.TestCaseMain.startTestSuite(TestCaseMain.java:149)
	at com.kms.katalon.core.main.TestCaseMain$startTestSuite$0.call(Unknown Source)
	at TempTestSuite1543890279234.run(TempTestSuite1543890279234.groovy:36)]]></system-err>
   </testsuite>
</testsuites>
